2019-02-16 22:00:24.820  INFO 10420 --- [restartedMain] com.example.demo.DemoApplication         : Starting DemoApplication on USER-20180624DI with PID 10420 (C:\Users\Administrator\Desktop\loadupdata\demo\target\classes started by Administrator in C:\Users\Administrator\Desktop\loadupdata\demo)
2019-02-16 22:00:24.824  INFO 10420 --- [restartedMain] com.example.demo.DemoApplication         : No active profile set, falling back to default profiles: default
2019-02-16 22:00:24.900  INFO 10420 --- [restartedMain] .e.DevToolsPropertyDefaultsPostProcessor : Devtools property defaults active! Set 'spring.devtools.add-properties' to 'false' to disable
2019-02-16 22:00:24.900  INFO 10420 --- [restartedMain] .e.DevToolsPropertyDefaultsPostProcessor : For additional web related logging consider setting the 'logging.level.web' property to 'DEBUG'
2019-02-16 22:00:25.723  INFO 10420 --- [restartedMain] .s.d.r.c.RepositoryConfigurationDelegate : Bootstrapping Spring Data repositories in DEFAULT mode.
2019-02-16 22:00:25.825  INFO 10420 --- [restartedMain] .s.d.r.c.RepositoryConfigurationDelegate : Finished Spring Data repository scanning in 93ms. Found 1 repository interfaces.
2019-02-16 22:00:26.236  INFO 10420 --- [restartedMain] trationDelegate$BeanPostProcessorChecker : Bean 'org.springframework.transaction.annotation.ProxyTransactionManagementConfiguration' of type [org.springframework.transaction.annotation.ProxyTransactionManagementConfiguration$$EnhancerBySpringCGLIB$$18f30b50] is not eligible for getting processed by all BeanPostProcessors (for example: not eligible for auto-proxying)
2019-02-16 22:00:26.965  INFO 10420 --- [restartedMain] o.s.b.w.embedded.tomcat.TomcatWebServer  : Tomcat initialized with port(s): 8080 (http)
2019-02-16 22:00:27.000  INFO 10420 --- [restartedMain] o.apache.catalina.core.StandardService   : Starting service [Tomcat]
2019-02-16 22:00:27.001  INFO 10420 --- [restartedMain] org.apache.catalina.core.StandardEngine  : Starting Servlet engine: [Apache Tomcat/9.0.14]
2019-02-16 22:00:27.013  INFO 10420 --- [restartedMain] o.a.catalina.core.AprLifecycleListener   : The APR based Apache Tomcat Native library which allows optimal performance in production environments was not found on the java.library.path: [C:\Program Files\Java\jdk1.8.0_131\bin;C:\Windows\Sun\Java\bin;C:\Windows\system32;C:\Windows;C:/Program Files/Java/jdk1.8.0_131/bin/../jre/bin/server;C:/Program Files/Java/jdk1.8.0_131/bin/../jre/bin;C:/Program Files/Java/jdk1.8.0_131/bin/../jre/lib/amd64;C:\Program Files\Java\jdk1.8.0_131\bin;C:\Windows\system32;C:\Windows;C:\Windows\System32\Wbem;C:\Windows\System32\WindowsPowerShell\v1.0\;C:\Program Files (x86)\Yozosoft\Yozo_Office\Lib\xuggler\bin;D:\MySQL\MySQL Server 5.5\bin;C:\Program Files\nodejs\;C:\Program Files\TortoiseGit\bin;C:\Users\Administrator\AppData\Roaming\npm;C:\Users\Administrator\AppData\Local\Programs\Microsoft VS Code\bin;C:\Program Files\eclipse;;.]
2019-02-16 22:00:27.155  INFO 10420 --- [restartedMain] o.a.c.c.C.[Tomcat].[localhost].[/]       : Initializing Spring embedded WebApplicationContext
2019-02-16 22:00:27.155  INFO 10420 --- [restartedMain] o.s.web.context.ContextLoader            : Root WebApplicationContext: initialization completed in 2255 ms
2019-02-16 22:00:27.410  INFO 10420 --- [restartedMain] com.zaxxer.hikari.HikariDataSource       : HikariPool-1 - Starting...
2019-02-16 22:00:27.563  INFO 10420 --- [restartedMain] com.zaxxer.hikari.HikariDataSource       : HikariPool-1 - Start completed.
2019-02-16 22:00:27.637  INFO 10420 --- [restartedMain] o.hibernate.jpa.internal.util.LogHelper  : HHH000204: Processing PersistenceUnitInfo [
	name: default
	...]
2019-02-16 22:00:27.710  INFO 10420 --- [restartedMain] org.hibernate.Version                    : HHH000412: Hibernate Core {5.3.7.Final}
2019-02-16 22:00:27.713  INFO 10420 --- [restartedMain] org.hibernate.cfg.Environment            : HHH000206: hibernate.properties not found
2019-02-16 22:00:27.867  INFO 10420 --- [restartedMain] o.hibernate.annotations.common.Version   : HCANN000001: Hibernate Commons Annotations {5.0.4.Final}
2019-02-16 22:00:28.064  INFO 10420 --- [restartedMain] org.hibernate.dialect.Dialect            : HHH000400: Using dialect: org.hibernate.dialect.MySQL5Dialect
2019-02-16 22:00:28.742  INFO 10420 --- [restartedMain] j.LocalContainerEntityManagerFactoryBean : Initialized JPA EntityManagerFactory for persistence unit 'default'
2019-02-16 22:00:28.760  INFO 10420 --- [restartedMain] o.s.b.d.a.OptionalLiveReloadServer       : LiveReload server is running on port 35729
2019-02-16 22:00:29.259  INFO 10420 --- [restartedMain] o.s.s.concurrent.ThreadPoolTaskExecutor  : Initializing ExecutorService 'applicationTaskExecutor'
2019-02-16 22:00:29.318  WARN 10420 --- [restartedMain] aWebConfiguration$JpaWebMvcConfiguration : spring.jpa.open-in-view is enabled by default. Therefore, database queries may be performed during view rendering. Explicitly configure spring.jpa.open-in-view to disable this warning
2019-02-16 22:00:29.626  INFO 10420 --- [restartedMain] o.s.b.w.embedded.tomcat.TomcatWebServer  : Tomcat started on port(s): 8080 (http) with context path ''
2019-02-16 22:00:29.628  INFO 10420 --- [restartedMain] com.example.demo.DemoApplication         : Started DemoApplication in 5.256 seconds (JVM running for 5.817)
