2019-02-16 22:52:24.828  INFO 12740 --- [restartedMain] com.example.demo.DemoApplication         : Starting DemoApplication on USER-20180624DI with PID 12740 (C:\Users\Administrator\Desktop\loadupdata\demo\target\classes started by Administrator in C:\Users\Administrator\Desktop\loadupdata\demo)
2019-02-16 22:52:24.829  INFO 12740 --- [restartedMain] com.example.demo.DemoApplication         : No active profile set, falling back to default profiles: default
2019-02-16 22:52:25.094  INFO 12740 --- [restartedMain] .s.d.r.c.RepositoryConfigurationDelegate : Bootstrapping Spring Data repositories in DEFAULT mode.
2019-02-16 22:52:25.108  INFO 12740 --- [restartedMain] .s.d.r.c.RepositoryConfigurationDelegate : Finished Spring Data repository scanning in 13ms. Found 1 repository interfaces.
2019-02-16 22:52:25.155  INFO 12740 --- [restartedMain] trationDelegate$BeanPostProcessorChecker : Bean 'org.springframework.transaction.annotation.ProxyTransactionManagementConfiguration' of type [org.springframework.transaction.annotation.ProxyTransactionManagementConfiguration$$EnhancerBySpringCGLIB$$e31cde38] is not eligible for getting processed by all BeanPostProcessors (for example: not eligible for auto-proxying)
2019-02-16 22:52:25.239  INFO 12740 --- [restartedMain] o.s.b.w.embedded.tomcat.TomcatWebServer  : Tomcat initialized with port(s): 8080 (http)
2019-02-16 22:52:25.240  INFO 12740 --- [restartedMain] o.apache.catalina.core.StandardService   : Starting service [Tomcat]
2019-02-16 22:52:25.240  INFO 12740 --- [restartedMain] org.apache.catalina.core.StandardEngine  : Starting Servlet engine: [Apache Tomcat/9.0.14]
2019-02-16 22:52:25.257  INFO 12740 --- [restartedMain] o.a.c.c.C.[Tomcat].[localhost].[/]       : Initializing Spring embedded WebApplicationContext
2019-02-16 22:52:25.257  INFO 12740 --- [restartedMain] o.s.web.context.ContextLoader            : Root WebApplicationContext: initialization completed in 426 ms
2019-02-16 22:52:25.296  INFO 12740 --- [restartedMain] com.zaxxer.hikari.HikariDataSource       : HikariPool-4 - Starting...
2019-02-16 22:52:25.301  INFO 12740 --- [restartedMain] com.zaxxer.hikari.HikariDataSource       : HikariPool-4 - Start completed.
2019-02-16 22:52:25.309  INFO 12740 --- [restartedMain] o.hibernate.jpa.internal.util.LogHelper  : HHH000204: Processing PersistenceUnitInfo [
	name: default
	...]
2019-02-16 22:52:25.327  INFO 12740 --- [restartedMain] org.hibernate.dialect.Dialect            : HHH000400: Using dialect: org.hibernate.dialect.MySQL5Dialect
2019-02-16 22:52:25.370  INFO 12740 --- [restartedMain] j.LocalContainerEntityManagerFactoryBean : Initialized JPA EntityManagerFactory for persistence unit 'default'
2019-02-16 22:52:25.377  INFO 12740 --- [restartedMain] o.s.b.d.a.OptionalLiveReloadServer       : LiveReload server is running on port 35729
2019-02-16 22:52:25.474  INFO 12740 --- [restartedMain] o.s.s.concurrent.ThreadPoolTaskExecutor  : Initializing ExecutorService 'applicationTaskExecutor'
2019-02-16 22:52:25.508  INFO 12740 --- [restartedMain] o.s.b.a.w.s.WelcomePageHandlerMapping    : Adding welcome page template: index
2019-02-16 22:52:25.566  INFO 12740 --- [restartedMain] o.s.b.w.embedded.tomcat.TomcatWebServer  : Tomcat started on port(s): 8080 (http) with context path ''
2019-02-16 22:52:25.567  INFO 12740 --- [restartedMain] com.example.demo.DemoApplication         : Started DemoApplication in 0.816 seconds (JVM running for 112.719)
2019-02-16 22:52:25.569  INFO 12740 --- [restartedMain] .ConditionEvaluationDeltaLoggingListener : Condition evaluation unchanged
