2019-02-16 22:26:16.632  INFO 3528 --- [restartedMain] com.example.demo.DemoApplication         : Starting DemoApplication on USER-20180624DI with PID 3528 (C:\Users\Administrator\Desktop\loadupdata\demo\target\classes started by Administrator in C:\Users\Administrator\Desktop\loadupdata\demo)
2019-02-16 22:26:16.632  INFO 3528 --- [restartedMain] com.example.demo.DemoApplication         : No active profile set, falling back to default profiles: default
2019-02-16 22:26:16.891  INFO 3528 --- [restartedMain] .s.d.r.c.RepositoryConfigurationDelegate : Bootstrapping Spring Data repositories in DEFAULT mode.
2019-02-16 22:26:16.907  INFO 3528 --- [restartedMain] .s.d.r.c.RepositoryConfigurationDelegate : Finished Spring Data repository scanning in 16ms. Found 1 repository interfaces.
2019-02-16 22:26:16.958  INFO 3528 --- [restartedMain] trationDelegate$BeanPostProcessorChecker : Bean 'org.springframework.transaction.annotation.ProxyTransactionManagementConfiguration' of type [org.springframework.transaction.annotation.ProxyTransactionManagementConfiguration$$EnhancerBySpringCGLIB$$e739fb63] is not eligible for getting processed by all BeanPostProcessors (for example: not eligible for auto-proxying)
2019-02-16 22:26:17.054  INFO 3528 --- [restartedMain] o.s.b.w.embedded.tomcat.TomcatWebServer  : Tomcat initialized with port(s): 8080 (http)
2019-02-16 22:26:17.055  INFO 3528 --- [restartedMain] o.apache.catalina.core.StandardService   : Starting service [Tomcat]
2019-02-16 22:26:17.055  INFO 3528 --- [restartedMain] org.apache.catalina.core.StandardEngine  : Starting Servlet engine: [Apache Tomcat/9.0.14]
2019-02-16 22:26:17.071  INFO 3528 --- [restartedMain] o.a.c.c.C.[Tomcat].[localhost].[/]       : Initializing Spring embedded WebApplicationContext
2019-02-16 22:26:17.072  INFO 3528 --- [restartedMain] o.s.web.context.ContextLoader            : Root WebApplicationContext: initialization completed in 438 ms
2019-02-16 22:26:17.109  INFO 3528 --- [restartedMain] com.zaxxer.hikari.HikariDataSource       : HikariPool-3 - Starting...
2019-02-16 22:26:17.113  INFO 3528 --- [restartedMain] com.zaxxer.hikari.HikariDataSource       : HikariPool-3 - Start completed.
2019-02-16 22:26:17.121  INFO 3528 --- [restartedMain] o.hibernate.jpa.internal.util.LogHelper  : HHH000204: Processing PersistenceUnitInfo [
	name: default
	...]
2019-02-16 22:26:17.137  INFO 3528 --- [restartedMain] org.hibernate.dialect.Dialect            : HHH000400: Using dialect: org.hibernate.dialect.MySQL5Dialect
2019-02-16 22:26:17.179  INFO 3528 --- [restartedMain] j.LocalContainerEntityManagerFactoryBean : Initialized JPA EntityManagerFactory for persistence unit 'default'
2019-02-16 22:26:17.185  INFO 3528 --- [restartedMain] o.s.b.d.a.OptionalLiveReloadServer       : LiveReload server is running on port 35729
2019-02-16 22:26:17.278  INFO 3528 --- [restartedMain] o.s.s.concurrent.ThreadPoolTaskExecutor  : Initializing ExecutorService 'applicationTaskExecutor'
2019-02-16 22:26:17.365  INFO 3528 --- [restartedMain] o.s.b.w.embedded.tomcat.TomcatWebServer  : Tomcat started on port(s): 8080 (http) with context path ''
2019-02-16 22:26:17.366  INFO 3528 --- [restartedMain] com.example.demo.DemoApplication         : Started DemoApplication in 0.8 seconds (JVM running for 1025.349)
2019-02-16 22:26:17.367  INFO 3528 --- [restartedMain] .ConditionEvaluationDeltaLoggingListener : Condition evaluation unchanged
2019-02-16 22:26:22.874  INFO 3528 --- [Thread-16] o.s.s.concurrent.ThreadPoolTaskExecutor  : Shutting down ExecutorService 'applicationTaskExecutor'
2019-02-16 22:26:22.883  INFO 3528 --- [Thread-16] j.LocalContainerEntityManagerFactoryBean : Closing JPA EntityManagerFactory for persistence unit 'default'
2019-02-16 22:26:22.885  INFO 3528 --- [Thread-16] com.zaxxer.hikari.HikariDataSource       : HikariPool-3 - Shutdown initiated...
2019-02-16 22:26:22.900  INFO 3528 --- [Thread-16] com.zaxxer.hikari.HikariDataSource       : HikariPool-3 - Shutdown completed.
2019-02-16 22:26:23.339  INFO 3528 --- [restartedMain] com.example.demo.DemoApplication         : Starting DemoApplication on USER-20180624DI with PID 3528 (C:\Users\Administrator\Desktop\loadupdata\demo\target\classes started by Administrator in C:\Users\Administrator\Desktop\loadupdata\demo)
2019-02-16 22:26:23.339  INFO 3528 --- [restartedMain] com.example.demo.DemoApplication         : No active profile set, falling back to default profiles: default
2019-02-16 22:26:23.561  INFO 3528 --- [restartedMain] .s.d.r.c.RepositoryConfigurationDelegate : Bootstrapping Spring Data repositories in DEFAULT mode.
2019-02-16 22:26:23.575  INFO 3528 --- [restartedMain] .s.d.r.c.RepositoryConfigurationDelegate : Finished Spring Data repository scanning in 13ms. Found 1 repository interfaces.
2019-02-16 22:26:23.621  INFO 3528 --- [restartedMain] trationDelegate$BeanPostProcessorChecker : Bean 'org.springframework.transaction.annotation.ProxyTransactionManagementConfiguration' of type [org.springframework.transaction.annotation.ProxyTransactionManagementConfiguration$$EnhancerBySpringCGLIB$$e739fb63] is not eligible for getting processed by all BeanPostProcessors (for example: not eligible for auto-proxying)
2019-02-16 22:26:23.712  INFO 3528 --- [restartedMain] o.s.b.w.embedded.tomcat.TomcatWebServer  : Tomcat initialized with port(s): 8080 (http)
2019-02-16 22:26:23.714  INFO 3528 --- [restartedMain] o.apache.catalina.core.StandardService   : Starting service [Tomcat]
2019-02-16 22:26:23.714  INFO 3528 --- [restartedMain] org.apache.catalina.core.StandardEngine  : Starting Servlet engine: [Apache Tomcat/9.0.14]
2019-02-16 22:26:23.731  INFO 3528 --- [restartedMain] o.a.c.c.C.[Tomcat].[localhost].[/]       : Initializing Spring embedded WebApplicationContext
2019-02-16 22:26:23.731  INFO 3528 --- [restartedMain] o.s.web.context.ContextLoader            : Root WebApplicationContext: initialization completed in 390 ms
2019-02-16 22:26:23.774  INFO 3528 --- [restartedMain] com.zaxxer.hikari.HikariDataSource       : HikariPool-4 - Starting...
2019-02-16 22:26:23.778  INFO 3528 --- [restartedMain] com.zaxxer.hikari.HikariDataSource       : HikariPool-4 - Start completed.
2019-02-16 22:26:23.786  INFO 3528 --- [restartedMain] o.hibernate.jpa.internal.util.LogHelper  : HHH000204: Processing PersistenceUnitInfo [
	name: default
	...]
2019-02-16 22:26:23.806  INFO 3528 --- [restartedMain] org.hibernate.dialect.Dialect            : HHH000400: Using dialect: org.hibernate.dialect.MySQL5Dialect
2019-02-16 22:26:23.851  INFO 3528 --- [restartedMain] j.LocalContainerEntityManagerFactoryBean : Initialized JPA EntityManagerFactory for persistence unit 'default'
2019-02-16 22:26:23.858  INFO 3528 --- [restartedMain] o.s.b.d.a.OptionalLiveReloadServer       : LiveReload server is running on port 35729
2019-02-16 22:26:23.954  INFO 3528 --- [restartedMain] o.s.s.concurrent.ThreadPoolTaskExecutor  : Initializing ExecutorService 'applicationTaskExecutor'
2019-02-16 22:26:24.038  INFO 3528 --- [restartedMain] o.s.b.w.embedded.tomcat.TomcatWebServer  : Tomcat started on port(s): 8080 (http) with context path ''
2019-02-16 22:26:24.039  INFO 3528 --- [restartedMain] com.example.demo.DemoApplication         : Started DemoApplication in 0.761 seconds (JVM running for 1032.021)
2019-02-16 22:26:24.040  INFO 3528 --- [restartedMain] .ConditionEvaluationDeltaLoggingListener : Condition evaluation unchanged
2019-02-16 22:26:30.583  INFO 10124 --- [restartedMain] com.example.demo.DemoApplication         : Starting DemoApplication on USER-20180624DI with PID 10124 (C:\Users\Administrator\Desktop\loadupdata\demo\target\classes started by Administrator in C:\Users\Administrator\Desktop\loadupdata\demo)
2019-02-16 22:26:30.586  INFO 10124 --- [restartedMain] com.example.demo.DemoApplication         : No active profile set, falling back to default profiles: default
2019-02-16 22:26:30.647  INFO 10124 --- [restartedMain] .e.DevToolsPropertyDefaultsPostProcessor : Devtools property defaults active! Set 'spring.devtools.add-properties' to 'false' to disable
2019-02-16 22:26:30.647  INFO 10124 --- [restartedMain] .e.DevToolsPropertyDefaultsPostProcessor : For additional web related logging consider setting the 'logging.level.web' property to 'DEBUG'
2019-02-16 22:26:31.410  INFO 10124 --- [restartedMain] .s.d.r.c.RepositoryConfigurationDelegate : Bootstrapping Spring Data repositories in DEFAULT mode.
2019-02-16 22:26:31.486  INFO 10124 --- [restartedMain] .s.d.r.c.RepositoryConfigurationDelegate : Finished Spring Data repository scanning in 68ms. Found 1 repository interfaces.
2019-02-16 22:26:31.916  INFO 10124 --- [restartedMain] trationDelegate$BeanPostProcessorChecker : Bean 'org.springframework.transaction.annotation.ProxyTransactionManagementConfiguration' of type [org.springframework.transaction.annotation.ProxyTransactionManagementConfiguration$$EnhancerBySpringCGLIB$$3575c5b] is not eligible for getting processed by all BeanPostProcessors (for example: not eligible for auto-proxying)
2019-02-16 22:26:32.652  INFO 10124 --- [restartedMain] o.s.b.w.embedded.tomcat.TomcatWebServer  : Tomcat initialized with port(s): 8080 (http)
2019-02-16 22:26:32.683  INFO 10124 --- [restartedMain] o.apache.catalina.core.StandardService   : Starting service [Tomcat]
2019-02-16 22:26:32.683  INFO 10124 --- [restartedMain] org.apache.catalina.core.StandardEngine  : Starting Servlet engine: [Apache Tomcat/9.0.14]
2019-02-16 22:26:32.696  INFO 10124 --- [restartedMain] o.a.catalina.core.AprLifecycleListener   : The APR based Apache Tomcat Native library which allows optimal performance in production environments was not found on the java.library.path: [C:\Program Files\Java\jdk1.8.0_131\bin;C:\Windows\Sun\Java\bin;C:\Windows\system32;C:\Windows;C:/Program Files/Java/jdk1.8.0_131/bin/../jre/bin/server;C:/Program Files/Java/jdk1.8.0_131/bin/../jre/bin;C:/Program Files/Java/jdk1.8.0_131/bin/../jre/lib/amd64;C:\Program Files\Java\jdk1.8.0_131\bin;C:\Windows\system32;C:\Windows;C:\Windows\System32\Wbem;C:\Windows\System32\WindowsPowerShell\v1.0\;C:\Program Files (x86)\Yozosoft\Yozo_Office\Lib\xuggler\bin;D:\MySQL\MySQL Server 5.5\bin;C:\Program Files\nodejs\;C:\Program Files\TortoiseGit\bin;C:\Users\Administrator\AppData\Roaming\npm;C:\Users\Administrator\AppData\Local\Programs\Microsoft VS Code\bin;C:\Program Files\eclipse;;.]
2019-02-16 22:26:32.817  INFO 10124 --- [restartedMain] o.a.c.c.C.[Tomcat].[localhost].[/]       : Initializing Spring embedded WebApplicationContext
2019-02-16 22:26:32.818  INFO 10124 --- [restartedMain] o.s.web.context.ContextLoader            : Root WebApplicationContext: initialization completed in 2170 ms
2019-02-16 22:26:33.073  INFO 10124 --- [restartedMain] com.zaxxer.hikari.HikariDataSource       : HikariPool-1 - Starting...
2019-02-16 22:26:33.229  INFO 10124 --- [restartedMain] com.zaxxer.hikari.HikariDataSource       : HikariPool-1 - Start completed.
2019-02-16 22:26:33.284  INFO 10124 --- [restartedMain] o.hibernate.jpa.internal.util.LogHelper  : HHH000204: Processing PersistenceUnitInfo [
	name: default
	...]
2019-02-16 22:26:33.356  INFO 10124 --- [restartedMain] org.hibernate.Version                    : HHH000412: Hibernate Core {5.3.7.Final}
2019-02-16 22:26:33.360  INFO 10124 --- [restartedMain] org.hibernate.cfg.Environment            : HHH000206: hibernate.properties not found
2019-02-16 22:26:33.513  INFO 10124 --- [restartedMain] o.hibernate.annotations.common.Version   : HCANN000001: Hibernate Commons Annotations {5.0.4.Final}
2019-02-16 22:26:33.671  INFO 10124 --- [restartedMain] org.hibernate.dialect.Dialect            : HHH000400: Using dialect: org.hibernate.dialect.MySQL5Dialect
2019-02-16 22:26:34.299  INFO 10124 --- [restartedMain] j.LocalContainerEntityManagerFactoryBean : Initialized JPA EntityManagerFactory for persistence unit 'default'
2019-02-16 22:26:34.315  WARN 10124 --- [restartedMain] o.s.b.d.a.OptionalLiveReloadServer       : Unable to start LiveReload server
2019-02-16 22:26:34.798  INFO 10124 --- [restartedMain] o.s.s.concurrent.ThreadPoolTaskExecutor  : Initializing ExecutorService 'applicationTaskExecutor'
2019-02-16 22:26:34.980  WARN 10124 --- [restartedMain] ion$DefaultTemplateResolverConfiguration : Cannot find template location: classpath:/templates/ (please add some templates or check your Thymeleaf configuration)
2019-02-16 22:26:35.180 ERROR 10124 --- [restartedMain] org.apache.catalina.util.LifecycleBase   : Failed to start component [Connector[HTTP/1.1-8080]]

org.apache.catalina.LifecycleException: Protocol handler start failed
	at org.apache.catalina.connector.Connector.startInternal(Connector.java:1004) ~[tomcat-embed-core-9.0.14.jar:9.0.14]
	at org.apache.catalina.util.LifecycleBase.start(LifecycleBase.java:183) ~[tomcat-embed-core-9.0.14.jar:9.0.14]
	at org.apache.catalina.core.StandardService.addConnector(StandardService.java:226) [tomcat-embed-core-9.0.14.jar:9.0.14]
	at org.springframework.boot.web.embedded.tomcat.TomcatWebServer.addPreviouslyRemovedConnectors(TomcatWebServer.java:259) [spring-boot-2.1.2.RELEASE.jar:2.1.2.RELEASE]
	at org.springframework.boot.web.embedded.tomcat.TomcatWebServer.start(TomcatWebServer.java:197) [spring-boot-2.1.2.RELEASE.jar:2.1.2.RELEASE]
	at org.springframework.boot.web.servlet.context.ServletWebServerApplicationContext.startWebServer(ServletWebServerApplicationContext.java:311) [spring-boot-2.1.2.RELEASE.jar:2.1.2.RELEASE]
	at org.springframework.boot.web.servlet.context.ServletWebServerApplicationContext.finishRefresh(ServletWebServerApplicationContext.java:164) [spring-boot-2.1.2.RELEASE.jar:2.1.2.RELEASE]
	at org.springframework.context.support.AbstractApplicationContext.refresh(AbstractApplicationContext.java:549) [spring-context-5.1.4.RELEASE.jar:5.1.4.RELEASE]
	at org.springframework.boot.web.servlet.context.ServletWebServerApplicationContext.refresh(ServletWebServerApplicationContext.java:142) [spring-boot-2.1.2.RELEASE.jar:2.1.2.RELEASE]
	at org.springframework.boot.SpringApplication.refresh(SpringApplication.java:775) [spring-boot-2.1.2.RELEASE.jar:2.1.2.RELEASE]
	at org.springframework.boot.SpringApplication.refreshContext(SpringApplication.java:397) [spring-boot-2.1.2.RELEASE.jar:2.1.2.RELEASE]
	at org.springframework.boot.SpringApplication.run(SpringApplication.java:316) [spring-boot-2.1.2.RELEASE.jar:2.1.2.RELEASE]
	at org.springframework.boot.SpringApplication.run(SpringApplication.java:1260) [spring-boot-2.1.2.RELEASE.jar:2.1.2.RELEASE]
	at org.springframework.boot.SpringApplication.run(SpringApplication.java:1248) [spring-boot-2.1.2.RELEASE.jar:2.1.2.RELEASE]
	at com.example.demo.DemoApplication.main(DemoApplication.java:10) [classes/:na]
	at sun.reflect.NativeMethodAccessorImpl.invoke0(Native Method) ~[na:1.8.0_131]
	at sun.reflect.NativeMethodAccessorImpl.invoke(NativeMethodAccessorImpl.java:62) ~[na:1.8.0_131]
	at sun.reflect.DelegatingMethodAccessorImpl.invoke(DelegatingMethodAccessorImpl.java:43) ~[na:1.8.0_131]
	at java.lang.reflect.Method.invoke(Method.java:498) ~[na:1.8.0_131]
	at org.springframework.boot.devtools.restart.RestartLauncher.run(RestartLauncher.java:49) [spring-boot-devtools-2.1.2.RELEASE.jar:2.1.2.RELEASE]
Caused by: java.net.BindException: Address already in use: bind
	at sun.nio.ch.Net.bind0(Native Method) ~[na:1.8.0_131]
	at sun.nio.ch.Net.bind(Net.java:433) ~[na:1.8.0_131]
	at sun.nio.ch.Net.bind(Net.java:425) ~[na:1.8.0_131]
	at sun.nio.ch.ServerSocketChannelImpl.bind(ServerSocketChannelImpl.java:223) ~[na:1.8.0_131]
	at sun.nio.ch.ServerSocketAdaptor.bind(ServerSocketAdaptor.java:74) ~[na:1.8.0_131]
	at org.apache.tomcat.util.net.NioEndpoint.initServerSocket(NioEndpoint.java:236) ~[tomcat-embed-core-9.0.14.jar:9.0.14]
	at org.apache.tomcat.util.net.NioEndpoint.bind(NioEndpoint.java:210) ~[tomcat-embed-core-9.0.14.jar:9.0.14]
	at org.apache.tomcat.util.net.AbstractEndpoint.bindWithCleanup(AbstractEndpoint.java:1085) ~[tomcat-embed-core-9.0.14.jar:9.0.14]
	at org.apache.tomcat.util.net.AbstractEndpoint.start(AbstractEndpoint.java:1171) ~[tomcat-embed-core-9.0.14.jar:9.0.14]
	at org.apache.coyote.AbstractProtocol.start(AbstractProtocol.java:568) ~[tomcat-embed-core-9.0.14.jar:9.0.14]
	at org.apache.catalina.connector.Connector.startInternal(Connector.java:1001) ~[tomcat-embed-core-9.0.14.jar:9.0.14]
	... 19 common frames omitted

2019-02-16 22:26:35.186  INFO 10124 --- [restartedMain] o.apache.catalina.core.StandardService   : Stopping service [Tomcat]
2019-02-16 22:26:35.196  INFO 10124 --- [restartedMain] ConditionEvaluationReportLoggingListener : 

Error starting ApplicationContext. To display the conditions report re-run your application with 'debug' enabled.
2019-02-16 22:26:35.198 ERROR 10124 --- [restartedMain] o.s.b.d.LoggingFailureAnalysisReporter   : 

***************************
APPLICATION FAILED TO START
***************************

Description:

The Tomcat connector configured to listen on port 8080 failed to start. The port may already be in use or the connector may be misconfigured.

Action:

Verify the connector's configuration, identify and stop any process that's listening on port 8080, or configure this application to listen on another port.

2019-02-16 22:26:35.201  INFO 10124 --- [restartedMain] o.s.s.concurrent.ThreadPoolTaskExecutor  : Shutting down ExecutorService 'applicationTaskExecutor'
2019-02-16 22:26:35.202  INFO 10124 --- [restartedMain] j.LocalContainerEntityManagerFactoryBean : Closing JPA EntityManagerFactory for persistence unit 'default'
2019-02-16 22:26:35.204  INFO 10124 --- [restartedMain] com.zaxxer.hikari.HikariDataSource       : HikariPool-1 - Shutdown initiated...
2019-02-16 22:26:35.207  INFO 10124 --- [restartedMain] com.zaxxer.hikari.HikariDataSource       : HikariPool-1 - Shutdown completed.
2019-02-16 22:27:00.280  INFO 8284 --- [restartedMain] com.example.demo.DemoApplication         : Starting DemoApplication on USER-20180624DI with PID 8284 (C:\Users\Administrator\Desktop\loadupdata\demo\target\classes started by Administrator in C:\Users\Administrator\Desktop\loadupdata\demo)
2019-02-16 22:27:00.283  INFO 8284 --- [restartedMain] com.example.demo.DemoApplication         : No active profile set, falling back to default profiles: default
2019-02-16 22:27:00.348  INFO 8284 --- [restartedMain] .e.DevToolsPropertyDefaultsPostProcessor : Devtools property defaults active! Set 'spring.devtools.add-properties' to 'false' to disable
2019-02-16 22:27:00.349  INFO 8284 --- [restartedMain] .e.DevToolsPropertyDefaultsPostProcessor : For additional web related logging consider setting the 'logging.level.web' property to 'DEBUG'
2019-02-16 22:27:01.138  INFO 8284 --- [restartedMain] .s.d.r.c.RepositoryConfigurationDelegate : Bootstrapping Spring Data repositories in DEFAULT mode.
2019-02-16 22:27:01.212  INFO 8284 --- [restartedMain] .s.d.r.c.RepositoryConfigurationDelegate : Finished Spring Data repository scanning in 66ms. Found 1 repository interfaces.
2019-02-16 22:27:01.642  INFO 8284 --- [restartedMain] trationDelegate$BeanPostProcessorChecker : Bean 'org.springframework.transaction.annotation.ProxyTransactionManagementConfiguration' of type [org.springframework.transaction.annotation.ProxyTransactionManagementConfiguration$$EnhancerBySpringCGLIB$$acf5e714] is not eligible for getting processed by all BeanPostProcessors (for example: not eligible for auto-proxying)
2019-02-16 22:27:02.345  INFO 8284 --- [restartedMain] o.s.b.w.embedded.tomcat.TomcatWebServer  : Tomcat initialized with port(s): 8080 (http)
2019-02-16 22:27:02.380  INFO 8284 --- [restartedMain] o.apache.catalina.core.StandardService   : Starting service [Tomcat]
2019-02-16 22:27:02.380  INFO 8284 --- [restartedMain] org.apache.catalina.core.StandardEngine  : Starting Servlet engine: [Apache Tomcat/9.0.14]
2019-02-16 22:27:02.393  INFO 8284 --- [restartedMain] o.a.catalina.core.AprLifecycleListener   : The APR based Apache Tomcat Native library which allows optimal performance in production environments was not found on the java.library.path: [C:\Program Files\Java\jdk1.8.0_131\bin;C:\Windows\Sun\Java\bin;C:\Windows\system32;C:\Windows;C:/Program Files/Java/jdk1.8.0_131/bin/../jre/bin/server;C:/Program Files/Java/jdk1.8.0_131/bin/../jre/bin;C:/Program Files/Java/jdk1.8.0_131/bin/../jre/lib/amd64;C:\Program Files\Java\jdk1.8.0_131\bin;C:\Windows\system32;C:\Windows;C:\Windows\System32\Wbem;C:\Windows\System32\WindowsPowerShell\v1.0\;C:\Program Files (x86)\Yozosoft\Yozo_Office\Lib\xuggler\bin;D:\MySQL\MySQL Server 5.5\bin;C:\Program Files\nodejs\;C:\Program Files\TortoiseGit\bin;C:\Users\Administrator\AppData\Roaming\npm;C:\Users\Administrator\AppData\Local\Programs\Microsoft VS Code\bin;C:\Program Files\eclipse;;.]
2019-02-16 22:27:02.533  INFO 8284 --- [restartedMain] o.a.c.c.C.[Tomcat].[localhost].[/]       : Initializing Spring embedded WebApplicationContext
2019-02-16 22:27:02.534  INFO 8284 --- [restartedMain] o.s.web.context.ContextLoader            : Root WebApplicationContext: initialization completed in 2185 ms
2019-02-16 22:27:02.780  INFO 8284 --- [restartedMain] com.zaxxer.hikari.HikariDataSource       : HikariPool-1 - Starting...
2019-02-16 22:27:02.931  INFO 8284 --- [restartedMain] com.zaxxer.hikari.HikariDataSource       : HikariPool-1 - Start completed.
2019-02-16 22:27:02.987  INFO 8284 --- [restartedMain] o.hibernate.jpa.internal.util.LogHelper  : HHH000204: Processing PersistenceUnitInfo [
	name: default
	...]
2019-02-16 22:27:03.067  INFO 8284 --- [restartedMain] org.hibernate.Version                    : HHH000412: Hibernate Core {5.3.7.Final}
2019-02-16 22:27:03.070  INFO 8284 --- [restartedMain] org.hibernate.cfg.Environment            : HHH000206: hibernate.properties not found
2019-02-16 22:27:03.221  INFO 8284 --- [restartedMain] o.hibernate.annotations.common.Version   : HCANN000001: Hibernate Commons Annotations {5.0.4.Final}
2019-02-16 22:27:03.375  INFO 8284 --- [restartedMain] org.hibernate.dialect.Dialect            : HHH000400: Using dialect: org.hibernate.dialect.MySQL5Dialect
2019-02-16 22:27:04.006  INFO 8284 --- [restartedMain] j.LocalContainerEntityManagerFactoryBean : Initialized JPA EntityManagerFactory for persistence unit 'default'
2019-02-16 22:27:04.023  INFO 8284 --- [restartedMain] o.s.b.d.a.OptionalLiveReloadServer       : LiveReload server is running on port 35729
2019-02-16 22:27:04.511  INFO 8284 --- [restartedMain] o.s.s.concurrent.ThreadPoolTaskExecutor  : Initializing ExecutorService 'applicationTaskExecutor'
2019-02-16 22:27:04.658  WARN 8284 --- [restartedMain] ion$DefaultTemplateResolverConfiguration : Cannot find template location: classpath:/templates/ (please add some templates or check your Thymeleaf configuration)
2019-02-16 22:27:04.884  INFO 8284 --- [restartedMain] o.s.b.w.embedded.tomcat.TomcatWebServer  : Tomcat started on port(s): 8080 (http) with context path ''
2019-02-16 22:27:04.887  INFO 8284 --- [restartedMain] com.example.demo.DemoApplication         : Started DemoApplication in 5.015 seconds (JVM running for 5.551)
2019-02-16 22:28:18.999  INFO 11740 --- [restartedMain] com.example.demo.DemoApplication         : Starting DemoApplication on USER-20180624DI with PID 11740 (C:\Users\Administrator\Desktop\loadupdata\demo\target\classes started by Administrator in C:\Users\Administrator\Desktop\loadupdata\demo)
2019-02-16 22:28:19.002  INFO 11740 --- [restartedMain] com.example.demo.DemoApplication         : No active profile set, falling back to default profiles: default
2019-02-16 22:28:19.062  INFO 11740 --- [restartedMain] .e.DevToolsPropertyDefaultsPostProcessor : Devtools property defaults active! Set 'spring.devtools.add-properties' to 'false' to disable
2019-02-16 22:28:19.062  INFO 11740 --- [restartedMain] .e.DevToolsPropertyDefaultsPostProcessor : For additional web related logging consider setting the 'logging.level.web' property to 'DEBUG'
2019-02-16 22:28:19.869  INFO 11740 --- [restartedMain] .s.d.r.c.RepositoryConfigurationDelegate : Bootstrapping Spring Data repositories in DEFAULT mode.
2019-02-16 22:28:19.940  INFO 11740 --- [restartedMain] .s.d.r.c.RepositoryConfigurationDelegate : Finished Spring Data repository scanning in 63ms. Found 1 repository interfaces.
2019-02-16 22:28:20.349  INFO 11740 --- [restartedMain] trationDelegate$BeanPostProcessorChecker : Bean 'org.springframework.transaction.annotation.ProxyTransactionManagementConfiguration' of type [org.springframework.transaction.annotation.ProxyTransactionManagementConfiguration$$EnhancerBySpringCGLIB$$90aab444] is not eligible for getting processed by all BeanPostProcessors (for example: not eligible for auto-proxying)
2019-02-16 22:28:21.085  INFO 11740 --- [restartedMain] o.s.b.w.embedded.tomcat.TomcatWebServer  : Tomcat initialized with port(s): 8080 (http)
2019-02-16 22:28:21.117  INFO 11740 --- [restartedMain] o.apache.catalina.core.StandardService   : Starting service [Tomcat]
2019-02-16 22:28:21.118  INFO 11740 --- [restartedMain] org.apache.catalina.core.StandardEngine  : Starting Servlet engine: [Apache Tomcat/9.0.14]
2019-02-16 22:28:21.130  INFO 11740 --- [restartedMain] o.a.catalina.core.AprLifecycleListener   : The APR based Apache Tomcat Native library which allows optimal performance in production environments was not found on the java.library.path: [C:\Program Files\Java\jdk1.8.0_131\bin;C:\Windows\Sun\Java\bin;C:\Windows\system32;C:\Windows;C:/Program Files/Java/jdk1.8.0_131/bin/../jre/bin/server;C:/Program Files/Java/jdk1.8.0_131/bin/../jre/bin;C:/Program Files/Java/jdk1.8.0_131/bin/../jre/lib/amd64;C:\Program Files\Java\jdk1.8.0_131\bin;C:\Windows\system32;C:\Windows;C:\Windows\System32\Wbem;C:\Windows\System32\WindowsPowerShell\v1.0\;C:\Program Files (x86)\Yozosoft\Yozo_Office\Lib\xuggler\bin;D:\MySQL\MySQL Server 5.5\bin;C:\Program Files\nodejs\;C:\Program Files\TortoiseGit\bin;C:\Users\Administrator\AppData\Roaming\npm;C:\Users\Administrator\AppData\Local\Programs\Microsoft VS Code\bin;C:\Program Files\eclipse;;.]
2019-02-16 22:28:21.253  INFO 11740 --- [restartedMain] o.a.c.c.C.[Tomcat].[localhost].[/]       : Initializing Spring embedded WebApplicationContext
2019-02-16 22:28:21.254  INFO 11740 --- [restartedMain] o.s.web.context.ContextLoader            : Root WebApplicationContext: initialization completed in 2191 ms
2019-02-16 22:28:21.507  INFO 11740 --- [restartedMain] com.zaxxer.hikari.HikariDataSource       : HikariPool-1 - Starting...
2019-02-16 22:28:21.665  INFO 11740 --- [restartedMain] com.zaxxer.hikari.HikariDataSource       : HikariPool-1 - Start completed.
2019-02-16 22:28:21.722  INFO 11740 --- [restartedMain] o.hibernate.jpa.internal.util.LogHelper  : HHH000204: Processing PersistenceUnitInfo [
	name: default
	...]
2019-02-16 22:28:21.797  INFO 11740 --- [restartedMain] org.hibernate.Version                    : HHH000412: Hibernate Core {5.3.7.Final}
2019-02-16 22:28:21.800  INFO 11740 --- [restartedMain] org.hibernate.cfg.Environment            : HHH000206: hibernate.properties not found
2019-02-16 22:28:21.952  INFO 11740 --- [restartedMain] o.hibernate.annotations.common.Version   : HCANN000001: Hibernate Commons Annotations {5.0.4.Final}
2019-02-16 22:28:22.105  INFO 11740 --- [restartedMain] org.hibernate.dialect.Dialect            : HHH000400: Using dialect: org.hibernate.dialect.MySQL5Dialect
2019-02-16 22:28:22.731  INFO 11740 --- [restartedMain] j.LocalContainerEntityManagerFactoryBean : Initialized JPA EntityManagerFactory for persistence unit 'default'
2019-02-16 22:28:22.753  INFO 11740 --- [restartedMain] o.s.b.d.a.OptionalLiveReloadServer       : LiveReload server is running on port 35729
2019-02-16 22:28:23.240  INFO 11740 --- [restartedMain] o.s.s.concurrent.ThreadPoolTaskExecutor  : Initializing ExecutorService 'applicationTaskExecutor'
2019-02-16 22:28:23.427  WARN 11740 --- [restartedMain] ion$DefaultTemplateResolverConfiguration : Cannot find template location: classpath:/templates/ (please add some templates or check your Thymeleaf configuration)
2019-02-16 22:28:23.641  INFO 11740 --- [restartedMain] o.s.b.w.embedded.tomcat.TomcatWebServer  : Tomcat started on port(s): 8080 (http) with context path ''
2019-02-16 22:28:23.643  INFO 11740 --- [restartedMain] com.example.demo.DemoApplication         : Started DemoApplication in 5.059 seconds (JVM running for 5.598)
2019-02-16 22:32:15.358  INFO 12020 --- [restartedMain] com.example.demo.DemoApplication         : Starting DemoApplication on USER-20180624DI with PID 12020 (C:\Users\Administrator\Desktop\loadupdata\demo\target\classes started by Administrator in C:\Users\Administrator\Desktop\loadupdata\demo)
2019-02-16 22:32:15.362  INFO 12020 --- [restartedMain] com.example.demo.DemoApplication         : No active profile set, falling back to default profiles: default
2019-02-16 22:32:15.423  INFO 12020 --- [restartedMain] .e.DevToolsPropertyDefaultsPostProcessor : Devtools property defaults active! Set 'spring.devtools.add-properties' to 'false' to disable
2019-02-16 22:32:15.424  INFO 12020 --- [restartedMain] .e.DevToolsPropertyDefaultsPostProcessor : For additional web related logging consider setting the 'logging.level.web' property to 'DEBUG'
2019-02-16 22:32:16.214  INFO 12020 --- [restartedMain] .s.d.r.c.RepositoryConfigurationDelegate : Bootstrapping Spring Data repositories in DEFAULT mode.
2019-02-16 22:32:16.287  INFO 12020 --- [restartedMain] .s.d.r.c.RepositoryConfigurationDelegate : Finished Spring Data repository scanning in 65ms. Found 1 repository interfaces.
2019-02-16 22:32:16.722  INFO 12020 --- [restartedMain] trationDelegate$BeanPostProcessorChecker : Bean 'org.springframework.transaction.annotation.ProxyTransactionManagementConfiguration' of type [org.springframework.transaction.annotation.ProxyTransactionManagementConfiguration$$EnhancerBySpringCGLIB$$3617a517] is not eligible for getting processed by all BeanPostProcessors (for example: not eligible for auto-proxying)
2019-02-16 22:32:17.431  INFO 12020 --- [restartedMain] o.s.b.w.embedded.tomcat.TomcatWebServer  : Tomcat initialized with port(s): 8080 (http)
2019-02-16 22:32:17.464  INFO 12020 --- [restartedMain] o.apache.catalina.core.StandardService   : Starting service [Tomcat]
2019-02-16 22:32:17.465  INFO 12020 --- [restartedMain] org.apache.catalina.core.StandardEngine  : Starting Servlet engine: [Apache Tomcat/9.0.14]
2019-02-16 22:32:17.479  INFO 12020 --- [restartedMain] o.a.catalina.core.AprLifecycleListener   : The APR based Apache Tomcat Native library which allows optimal performance in production environments was not found on the java.library.path: [C:\Program Files\Java\jdk1.8.0_131\bin;C:\Windows\Sun\Java\bin;C:\Windows\system32;C:\Windows;C:/Program Files/Java/jdk1.8.0_131/bin/../jre/bin/server;C:/Program Files/Java/jdk1.8.0_131/bin/../jre/bin;C:/Program Files/Java/jdk1.8.0_131/bin/../jre/lib/amd64;C:\Program Files\Java\jdk1.8.0_131\bin;C:\Windows\system32;C:\Windows;C:\Windows\System32\Wbem;C:\Windows\System32\WindowsPowerShell\v1.0\;C:\Program Files (x86)\Yozosoft\Yozo_Office\Lib\xuggler\bin;D:\MySQL\MySQL Server 5.5\bin;C:\Program Files\nodejs\;C:\Program Files\TortoiseGit\bin;C:\Users\Administrator\AppData\Roaming\npm;C:\Users\Administrator\AppData\Local\Programs\Microsoft VS Code\bin;C:\Program Files\eclipse;;.]
2019-02-16 22:32:17.623  INFO 12020 --- [restartedMain] o.a.c.c.C.[Tomcat].[localhost].[/]       : Initializing Spring embedded WebApplicationContext
2019-02-16 22:32:17.623  INFO 12020 --- [restartedMain] o.s.web.context.ContextLoader            : Root WebApplicationContext: initialization completed in 2199 ms
2019-02-16 22:32:17.866  INFO 12020 --- [restartedMain] com.zaxxer.hikari.HikariDataSource       : HikariPool-1 - Starting...
2019-02-16 22:32:18.022  INFO 12020 --- [restartedMain] com.zaxxer.hikari.HikariDataSource       : HikariPool-1 - Start completed.
2019-02-16 22:32:18.078  INFO 12020 --- [restartedMain] o.hibernate.jpa.internal.util.LogHelper  : HHH000204: Processing PersistenceUnitInfo [
	name: default
	...]
2019-02-16 22:32:18.154  INFO 12020 --- [restartedMain] org.hibernate.Version                    : HHH000412: Hibernate Core {5.3.7.Final}
2019-02-16 22:32:18.158  INFO 12020 --- [restartedMain] org.hibernate.cfg.Environment            : HHH000206: hibernate.properties not found
2019-02-16 22:32:18.323  INFO 12020 --- [restartedMain] o.hibernate.annotations.common.Version   : HCANN000001: Hibernate Commons Annotations {5.0.4.Final}
2019-02-16 22:32:18.481  INFO 12020 --- [restartedMain] org.hibernate.dialect.Dialect            : HHH000400: Using dialect: org.hibernate.dialect.MySQL5Dialect
2019-02-16 22:32:19.116  INFO 12020 --- [restartedMain] j.LocalContainerEntityManagerFactoryBean : Initialized JPA EntityManagerFactory for persistence unit 'default'
2019-02-16 22:32:19.134  INFO 12020 --- [restartedMain] o.s.b.d.a.OptionalLiveReloadServer       : LiveReload server is running on port 35729
2019-02-16 22:32:19.620  INFO 12020 --- [restartedMain] o.s.s.concurrent.ThreadPoolTaskExecutor  : Initializing ExecutorService 'applicationTaskExecutor'
2019-02-16 22:32:19.821  INFO 12020 --- [restartedMain] o.s.b.a.w.s.WelcomePageHandlerMapping    : Adding welcome page template: index
2019-02-16 22:32:20.010  INFO 12020 --- [restartedMain] o.s.b.w.embedded.tomcat.TomcatWebServer  : Tomcat started on port(s): 8080 (http) with context path ''
2019-02-16 22:32:20.013  INFO 12020 --- [restartedMain] com.example.demo.DemoApplication         : Started DemoApplication in 5.073 seconds (JVM running for 5.627)
2019-02-16 22:42:38.599  INFO 12020 --- [Thread-5] o.s.s.concurrent.ThreadPoolTaskExecutor  : Shutting down ExecutorService 'applicationTaskExecutor'
2019-02-16 22:42:38.601  INFO 12020 --- [Thread-5] j.LocalContainerEntityManagerFactoryBean : Closing JPA EntityManagerFactory for persistence unit 'default'
2019-02-16 22:42:38.606  INFO 12020 --- [Thread-5] com.zaxxer.hikari.HikariDataSource       : HikariPool-1 - Shutdown initiated...
2019-02-16 22:42:38.612  INFO 12020 --- [Thread-5] com.zaxxer.hikari.HikariDataSource       : HikariPool-1 - Shutdown completed.
2019-02-16 22:43:24.605  INFO 13100 --- [restartedMain] com.example.demo.DemoApplication         : Starting DemoApplication on USER-20180624DI with PID 13100 (C:\Users\Administrator\Desktop\loadupdata\demo\target\classes started by Administrator in C:\Users\Administrator\Desktop\loadupdata\demo)
2019-02-16 22:43:24.608  INFO 13100 --- [restartedMain] com.example.demo.DemoApplication         : No active profile set, falling back to default profiles: default
2019-02-16 22:43:24.667  INFO 13100 --- [restartedMain] .e.DevToolsPropertyDefaultsPostProcessor : Devtools property defaults active! Set 'spring.devtools.add-properties' to 'false' to disable
2019-02-16 22:43:24.667  INFO 13100 --- [restartedMain] .e.DevToolsPropertyDefaultsPostProcessor : For additional web related logging consider setting the 'logging.level.web' property to 'DEBUG'
2019-02-16 22:43:25.487  INFO 13100 --- [restartedMain] .s.d.r.c.RepositoryConfigurationDelegate : Bootstrapping Spring Data repositories in DEFAULT mode.
2019-02-16 22:43:25.556  INFO 13100 --- [restartedMain] .s.d.r.c.RepositoryConfigurationDelegate : Finished Spring Data repository scanning in 61ms. Found 1 repository interfaces.
2019-02-16 22:43:25.966  INFO 13100 --- [restartedMain] trationDelegate$BeanPostProcessorChecker : Bean 'org.springframework.transaction.annotation.ProxyTransactionManagementConfiguration' of type [org.springframework.transaction.annotation.ProxyTransactionManagementConfiguration$$EnhancerBySpringCGLIB$$769369f2] is not eligible for getting processed by all BeanPostProcessors (for example: not eligible for auto-proxying)
2019-02-16 22:43:26.712  INFO 13100 --- [restartedMain] o.s.b.w.embedded.tomcat.TomcatWebServer  : Tomcat initialized with port(s): 8080 (http)
2019-02-16 22:43:26.743  INFO 13100 --- [restartedMain] o.apache.catalina.core.StandardService   : Starting service [Tomcat]
2019-02-16 22:43:26.744  INFO 13100 --- [restartedMain] org.apache.catalina.core.StandardEngine  : Starting Servlet engine: [Apache Tomcat/9.0.14]
2019-02-16 22:43:26.756  INFO 13100 --- [restartedMain] o.a.catalina.core.AprLifecycleListener   : The APR based Apache Tomcat Native library which allows optimal performance in production environments was not found on the java.library.path: [C:\Program Files\Java\jdk1.8.0_131\bin;C:\Windows\Sun\Java\bin;C:\Windows\system32;C:\Windows;C:/Program Files/Java/jdk1.8.0_131/bin/../jre/bin/server;C:/Program Files/Java/jdk1.8.0_131/bin/../jre/bin;C:/Program Files/Java/jdk1.8.0_131/bin/../jre/lib/amd64;C:\Program Files\Java\jdk1.8.0_131\bin;C:\Windows\system32;C:\Windows;C:\Windows\System32\Wbem;C:\Windows\System32\WindowsPowerShell\v1.0\;C:\Program Files (x86)\Yozosoft\Yozo_Office\Lib\xuggler\bin;D:\MySQL\MySQL Server 5.5\bin;C:\Program Files\nodejs\;C:\Program Files\TortoiseGit\bin;C:\Users\Administrator\AppData\Roaming\npm;C:\Users\Administrator\AppData\Local\Programs\Microsoft VS Code\bin;C:\Program Files\eclipse;;.]
2019-02-16 22:43:26.876  INFO 13100 --- [restartedMain] o.a.c.c.C.[Tomcat].[localhost].[/]       : Initializing Spring embedded WebApplicationContext
2019-02-16 22:43:26.876  INFO 13100 --- [restartedMain] o.s.web.context.ContextLoader            : Root WebApplicationContext: initialization completed in 2209 ms
2019-02-16 22:43:27.137  INFO 13100 --- [restartedMain] com.zaxxer.hikari.HikariDataSource       : HikariPool-1 - Starting...
2019-02-16 22:43:27.293  INFO 13100 --- [restartedMain] com.zaxxer.hikari.HikariDataSource       : HikariPool-1 - Start completed.
2019-02-16 22:43:27.347  INFO 13100 --- [restartedMain] o.hibernate.jpa.internal.util.LogHelper  : HHH000204: Processing PersistenceUnitInfo [
	name: default
	...]
2019-02-16 22:43:27.417  INFO 13100 --- [restartedMain] org.hibernate.Version                    : HHH000412: Hibernate Core {5.3.7.Final}
2019-02-16 22:43:27.420  INFO 13100 --- [restartedMain] org.hibernate.cfg.Environment            : HHH000206: hibernate.properties not found
2019-02-16 22:43:27.571  INFO 13100 --- [restartedMain] o.hibernate.annotations.common.Version   : HCANN000001: Hibernate Commons Annotations {5.0.4.Final}
2019-02-16 22:43:27.730  INFO 13100 --- [restartedMain] org.hibernate.dialect.Dialect            : HHH000400: Using dialect: org.hibernate.dialect.MySQL5Dialect
2019-02-16 22:43:28.364  INFO 13100 --- [restartedMain] j.LocalContainerEntityManagerFactoryBean : Initialized JPA EntityManagerFactory for persistence unit 'default'
2019-02-16 22:43:28.388  INFO 13100 --- [restartedMain] o.s.b.d.a.OptionalLiveReloadServer       : LiveReload server is running on port 35729
2019-02-16 22:43:28.894  INFO 13100 --- [restartedMain] o.s.s.concurrent.ThreadPoolTaskExecutor  : Initializing ExecutorService 'applicationTaskExecutor'
2019-02-16 22:43:29.086  INFO 13100 --- [restartedMain] o.s.b.a.w.s.WelcomePageHandlerMapping    : Adding welcome page template: index
2019-02-16 22:43:29.276  INFO 13100 --- [restartedMain] o.s.b.w.embedded.tomcat.TomcatWebServer  : Tomcat started on port(s): 8080 (http) with context path ''
2019-02-16 22:43:29.279  INFO 13100 --- [restartedMain] com.example.demo.DemoApplication         : Started DemoApplication in 5.089 seconds (JVM running for 5.631)
2019-02-16 22:44:23.712  INFO 12472 --- [restartedMain] com.example.demo.DemoApplication         : Starting DemoApplication on USER-20180624DI with PID 12472 (C:\Users\Administrator\Desktop\loadupdata\demo\target\classes started by Administrator in C:\Users\Administrator\Desktop\loadupdata\demo)
2019-02-16 22:44:23.716  INFO 12472 --- [restartedMain] com.example.demo.DemoApplication         : No active profile set, falling back to default profiles: default
2019-02-16 22:44:23.779  INFO 12472 --- [restartedMain] .e.DevToolsPropertyDefaultsPostProcessor : Devtools property defaults active! Set 'spring.devtools.add-properties' to 'false' to disable
2019-02-16 22:44:23.779  INFO 12472 --- [restartedMain] .e.DevToolsPropertyDefaultsPostProcessor : For additional web related logging consider setting the 'logging.level.web' property to 'DEBUG'
2019-02-16 22:44:24.583  INFO 12472 --- [restartedMain] .s.d.r.c.RepositoryConfigurationDelegate : Bootstrapping Spring Data repositories in DEFAULT mode.
2019-02-16 22:44:24.662  INFO 12472 --- [restartedMain] .s.d.r.c.RepositoryConfigurationDelegate : Finished Spring Data repository scanning in 70ms. Found 1 repository interfaces.
2019-02-16 22:44:25.103  INFO 12472 --- [restartedMain] trationDelegate$BeanPostProcessorChecker : Bean 'org.springframework.transaction.annotation.ProxyTransactionManagementConfiguration' of type [org.springframework.transaction.annotation.ProxyTransactionManagementConfiguration$$EnhancerBySpringCGLIB$$d22366ae] is not eligible for getting processed by all BeanPostProcessors (for example: not eligible for auto-proxying)
2019-02-16 22:44:25.812  INFO 12472 --- [restartedMain] o.s.b.w.embedded.tomcat.TomcatWebServer  : Tomcat initialized with port(s): 8080 (http)
2019-02-16 22:44:25.845  INFO 12472 --- [restartedMain] o.apache.catalina.core.StandardService   : Starting service [Tomcat]
2019-02-16 22:44:25.851  INFO 12472 --- [restartedMain] org.apache.catalina.core.StandardEngine  : Starting Servlet engine: [Apache Tomcat/9.0.14]
2019-02-16 22:44:25.864  INFO 12472 --- [restartedMain] o.a.catalina.core.AprLifecycleListener   : The APR based Apache Tomcat Native library which allows optimal performance in production environments was not found on the java.library.path: [C:\Program Files\Java\jdk1.8.0_131\bin;C:\Windows\Sun\Java\bin;C:\Windows\system32;C:\Windows;C:/Program Files/Java/jdk1.8.0_131/bin/../jre/bin/server;C:/Program Files/Java/jdk1.8.0_131/bin/../jre/bin;C:/Program Files/Java/jdk1.8.0_131/bin/../jre/lib/amd64;C:\Program Files\Java\jdk1.8.0_131\bin;C:\Windows\system32;C:\Windows;C:\Windows\System32\Wbem;C:\Windows\System32\WindowsPowerShell\v1.0\;C:\Program Files (x86)\Yozosoft\Yozo_Office\Lib\xuggler\bin;D:\MySQL\MySQL Server 5.5\bin;C:\Program Files\nodejs\;C:\Program Files\TortoiseGit\bin;C:\Users\Administrator\AppData\Roaming\npm;C:\Users\Administrator\AppData\Local\Programs\Microsoft VS Code\bin;C:\Program Files\eclipse;;.]
2019-02-16 22:44:26.005  INFO 12472 --- [restartedMain] o.a.c.c.C.[Tomcat].[localhost].[/]       : Initializing Spring embedded WebApplicationContext
2019-02-16 22:44:26.008  INFO 12472 --- [restartedMain] o.s.web.context.ContextLoader            : Root WebApplicationContext: initialization completed in 2229 ms
2019-02-16 22:44:26.266  INFO 12472 --- [restartedMain] com.zaxxer.hikari.HikariDataSource       : HikariPool-1 - Starting...
2019-02-16 22:44:26.415  INFO 12472 --- [restartedMain] com.zaxxer.hikari.HikariDataSource       : HikariPool-1 - Start completed.
2019-02-16 22:44:26.471  INFO 12472 --- [restartedMain] o.hibernate.jpa.internal.util.LogHelper  : HHH000204: Processing PersistenceUnitInfo [
	name: default
	...]
2019-02-16 22:44:26.548  INFO 12472 --- [restartedMain] org.hibernate.Version                    : HHH000412: Hibernate Core {5.3.7.Final}
2019-02-16 22:44:26.552  INFO 12472 --- [restartedMain] org.hibernate.cfg.Environment            : HHH000206: hibernate.properties not found
2019-02-16 22:44:26.702  INFO 12472 --- [restartedMain] o.hibernate.annotations.common.Version   : HCANN000001: Hibernate Commons Annotations {5.0.4.Final}
2019-02-16 22:44:26.858  INFO 12472 --- [restartedMain] org.hibernate.dialect.Dialect            : HHH000400: Using dialect: org.hibernate.dialect.MySQL5Dialect
2019-02-16 22:44:27.492  INFO 12472 --- [restartedMain] j.LocalContainerEntityManagerFactoryBean : Initialized JPA EntityManagerFactory for persistence unit 'default'
2019-02-16 22:44:27.511  INFO 12472 --- [restartedMain] o.s.b.d.a.OptionalLiveReloadServer       : LiveReload server is running on port 35729
2019-02-16 22:44:27.992  INFO 12472 --- [restartedMain] o.s.s.concurrent.ThreadPoolTaskExecutor  : Initializing ExecutorService 'applicationTaskExecutor'
2019-02-16 22:44:28.187  INFO 12472 --- [restartedMain] o.s.b.a.w.s.WelcomePageHandlerMapping    : Adding welcome page template: index
2019-02-16 22:44:28.379  INFO 12472 --- [restartedMain] o.s.b.w.embedded.tomcat.TomcatWebServer  : Tomcat started on port(s): 8080 (http) with context path ''
2019-02-16 22:44:28.382  INFO 12472 --- [restartedMain] com.example.demo.DemoApplication         : Started DemoApplication in 5.106 seconds (JVM running for 5.641)
2019-02-16 22:46:05.400  INFO 12924 --- [restartedMain] com.example.demo.DemoApplication         : Starting DemoApplication on USER-20180624DI with PID 12924 (C:\Users\Administrator\Desktop\loadupdata\demo\target\classes started by Administrator in C:\Users\Administrator\Desktop\loadupdata\demo)
2019-02-16 22:46:05.404  INFO 12924 --- [restartedMain] com.example.demo.DemoApplication         : No active profile set, falling back to default profiles: default
2019-02-16 22:46:05.471  INFO 12924 --- [restartedMain] .e.DevToolsPropertyDefaultsPostProcessor : Devtools property defaults active! Set 'spring.devtools.add-properties' to 'false' to disable
2019-02-16 22:46:05.471  INFO 12924 --- [restartedMain] .e.DevToolsPropertyDefaultsPostProcessor : For additional web related logging consider setting the 'logging.level.web' property to 'DEBUG'
2019-02-16 22:46:06.279  INFO 12924 --- [restartedMain] .s.d.r.c.RepositoryConfigurationDelegate : Bootstrapping Spring Data repositories in DEFAULT mode.
2019-02-16 22:46:06.354  INFO 12924 --- [restartedMain] .s.d.r.c.RepositoryConfigurationDelegate : Finished Spring Data repository scanning in 67ms. Found 1 repository interfaces.
2019-02-16 22:46:06.784  INFO 12924 --- [restartedMain] trationDelegate$BeanPostProcessorChecker : Bean 'org.springframework.transaction.annotation.ProxyTransactionManagementConfiguration' of type [org.springframework.transaction.annotation.ProxyTransactionManagementConfiguration$$EnhancerBySpringCGLIB$$899c95ab] is not eligible for getting processed by all BeanPostProcessors (for example: not eligible for auto-proxying)
2019-02-16 22:46:07.504  INFO 12924 --- [restartedMain] o.s.b.w.embedded.tomcat.TomcatWebServer  : Tomcat initialized with port(s): 8080 (http)
2019-02-16 22:46:07.537  INFO 12924 --- [restartedMain] o.apache.catalina.core.StandardService   : Starting service [Tomcat]
2019-02-16 22:46:07.538  INFO 12924 --- [restartedMain] org.apache.catalina.core.StandardEngine  : Starting Servlet engine: [Apache Tomcat/9.0.14]
2019-02-16 22:46:07.550  INFO 12924 --- [restartedMain] o.a.catalina.core.AprLifecycleListener   : The APR based Apache Tomcat Native library which allows optimal performance in production environments was not found on the java.library.path: [C:\Program Files\Java\jdk1.8.0_131\bin;C:\Windows\Sun\Java\bin;C:\Windows\system32;C:\Windows;C:/Program Files/Java/jdk1.8.0_131/bin/../jre/bin/server;C:/Program Files/Java/jdk1.8.0_131/bin/../jre/bin;C:/Program Files/Java/jdk1.8.0_131/bin/../jre/lib/amd64;C:\Program Files\Java\jdk1.8.0_131\bin;C:\Windows\system32;C:\Windows;C:\Windows\System32\Wbem;C:\Windows\System32\WindowsPowerShell\v1.0\;C:\Program Files (x86)\Yozosoft\Yozo_Office\Lib\xuggler\bin;D:\MySQL\MySQL Server 5.5\bin;C:\Program Files\nodejs\;C:\Program Files\TortoiseGit\bin;C:\Users\Administrator\AppData\Roaming\npm;C:\Users\Administrator\AppData\Local\Programs\Microsoft VS Code\bin;C:\Program Files\eclipse;;.]
2019-02-16 22:46:07.710  INFO 12924 --- [restartedMain] o.a.c.c.C.[Tomcat].[localhost].[/]       : Initializing Spring embedded WebApplicationContext
2019-02-16 22:46:07.711  INFO 12924 --- [restartedMain] o.s.web.context.ContextLoader            : Root WebApplicationContext: initialization completed in 2240 ms
2019-02-16 22:46:07.960  INFO 12924 --- [restartedMain] com.zaxxer.hikari.HikariDataSource       : HikariPool-1 - Starting...
2019-02-16 22:46:08.114  INFO 12924 --- [restartedMain] com.zaxxer.hikari.HikariDataSource       : HikariPool-1 - Start completed.
2019-02-16 22:46:08.168  INFO 12924 --- [restartedMain] o.hibernate.jpa.internal.util.LogHelper  : HHH000204: Processing PersistenceUnitInfo [
	name: default
	...]
2019-02-16 22:46:08.243  INFO 12924 --- [restartedMain] org.hibernate.Version                    : HHH000412: Hibernate Core {5.3.7.Final}
2019-02-16 22:46:08.247  INFO 12924 --- [restartedMain] org.hibernate.cfg.Environment            : HHH000206: hibernate.properties not found
2019-02-16 22:46:08.400  INFO 12924 --- [restartedMain] o.hibernate.annotations.common.Version   : HCANN000001: Hibernate Commons Annotations {5.0.4.Final}
2019-02-16 22:46:08.556  INFO 12924 --- [restartedMain] org.hibernate.dialect.Dialect            : HHH000400: Using dialect: org.hibernate.dialect.MySQL5Dialect
2019-02-16 22:46:09.182  INFO 12924 --- [restartedMain] j.LocalContainerEntityManagerFactoryBean : Initialized JPA EntityManagerFactory for persistence unit 'default'
2019-02-16 22:46:09.200  INFO 12924 --- [restartedMain] o.s.b.d.a.OptionalLiveReloadServer       : LiveReload server is running on port 35729
2019-02-16 22:46:09.683  INFO 12924 --- [restartedMain] o.s.s.concurrent.ThreadPoolTaskExecutor  : Initializing ExecutorService 'applicationTaskExecutor'
2019-02-16 22:46:09.878  INFO 12924 --- [restartedMain] o.s.b.a.w.s.WelcomePageHandlerMapping    : Adding welcome page template: index
2019-02-16 22:46:10.077  INFO 12924 --- [restartedMain] o.s.b.w.embedded.tomcat.TomcatWebServer  : Tomcat started on port(s): 8080 (http) with context path ''
2019-02-16 22:46:10.080  INFO 12924 --- [restartedMain] com.example.demo.DemoApplication         : Started DemoApplication in 5.087 seconds (JVM running for 5.623)
2019-02-16 22:46:47.626  INFO 12800 --- [restartedMain] com.example.demo.DemoApplication         : Starting DemoApplication on USER-20180624DI with PID 12800 (C:\Users\Administrator\Desktop\loadupdata\demo\target\classes started by Administrator in C:\Users\Administrator\Desktop\loadupdata\demo)
2019-02-16 22:46:47.629  INFO 12800 --- [restartedMain] com.example.demo.DemoApplication         : No active profile set, falling back to default profiles: default
2019-02-16 22:46:47.694  INFO 12800 --- [restartedMain] .e.DevToolsPropertyDefaultsPostProcessor : Devtools property defaults active! Set 'spring.devtools.add-properties' to 'false' to disable
2019-02-16 22:46:47.694  INFO 12800 --- [restartedMain] .e.DevToolsPropertyDefaultsPostProcessor : For additional web related logging consider setting the 'logging.level.web' property to 'DEBUG'
2019-02-16 22:46:48.502  INFO 12800 --- [restartedMain] .s.d.r.c.RepositoryConfigurationDelegate : Bootstrapping Spring Data repositories in DEFAULT mode.
2019-02-16 22:46:48.575  INFO 12800 --- [restartedMain] .s.d.r.c.RepositoryConfigurationDelegate : Finished Spring Data repository scanning in 65ms. Found 1 repository interfaces.
2019-02-16 22:46:49.008  INFO 12800 --- [restartedMain] trationDelegate$BeanPostProcessorChecker : Bean 'org.springframework.transaction.annotation.ProxyTransactionManagementConfiguration' of type [org.springframework.transaction.annotation.ProxyTransactionManagementConfiguration$$EnhancerBySpringCGLIB$$39dd44e6] is not eligible for getting processed by all BeanPostProcessors (for example: not eligible for auto-proxying)
2019-02-16 22:46:49.731  INFO 12800 --- [restartedMain] o.s.b.w.embedded.tomcat.TomcatWebServer  : Tomcat initialized with port(s): 8080 (http)
2019-02-16 22:46:49.761  INFO 12800 --- [restartedMain] o.apache.catalina.core.StandardService   : Starting service [Tomcat]
2019-02-16 22:46:49.761  INFO 12800 --- [restartedMain] org.apache.catalina.core.StandardEngine  : Starting Servlet engine: [Apache Tomcat/9.0.14]
2019-02-16 22:46:49.774  INFO 12800 --- [restartedMain] o.a.catalina.core.AprLifecycleListener   : The APR based Apache Tomcat Native library which allows optimal performance in production environments was not found on the java.library.path: [C:\Program Files\Java\jdk1.8.0_131\bin;C:\Windows\Sun\Java\bin;C:\Windows\system32;C:\Windows;C:/Program Files/Java/jdk1.8.0_131/bin/../jre/bin/server;C:/Program Files/Java/jdk1.8.0_131/bin/../jre/bin;C:/Program Files/Java/jdk1.8.0_131/bin/../jre/lib/amd64;C:\Program Files\Java\jdk1.8.0_131\bin;C:\Windows\system32;C:\Windows;C:\Windows\System32\Wbem;C:\Windows\System32\WindowsPowerShell\v1.0\;C:\Program Files (x86)\Yozosoft\Yozo_Office\Lib\xuggler\bin;D:\MySQL\MySQL Server 5.5\bin;C:\Program Files\nodejs\;C:\Program Files\TortoiseGit\bin;C:\Users\Administrator\AppData\Roaming\npm;C:\Users\Administrator\AppData\Local\Programs\Microsoft VS Code\bin;C:\Program Files\eclipse;;.]
2019-02-16 22:46:49.915  INFO 12800 --- [restartedMain] o.a.c.c.C.[Tomcat].[localhost].[/]       : Initializing Spring embedded WebApplicationContext
2019-02-16 22:46:49.915  INFO 12800 --- [restartedMain] o.s.web.context.ContextLoader            : Root WebApplicationContext: initialization completed in 2221 ms
2019-02-16 22:46:50.163  INFO 12800 --- [restartedMain] com.zaxxer.hikari.HikariDataSource       : HikariPool-1 - Starting...
2019-02-16 22:46:50.311  INFO 12800 --- [restartedMain] com.zaxxer.hikari.HikariDataSource       : HikariPool-1 - Start completed.
2019-02-16 22:46:50.366  INFO 12800 --- [restartedMain] o.hibernate.jpa.internal.util.LogHelper  : HHH000204: Processing PersistenceUnitInfo [
	name: default
	...]
2019-02-16 22:46:50.444  INFO 12800 --- [restartedMain] org.hibernate.Version                    : HHH000412: Hibernate Core {5.3.7.Final}
2019-02-16 22:46:50.448  INFO 12800 --- [restartedMain] org.hibernate.cfg.Environment            : HHH000206: hibernate.properties not found
2019-02-16 22:46:50.602  INFO 12800 --- [restartedMain] o.hibernate.annotations.common.Version   : HCANN000001: Hibernate Commons Annotations {5.0.4.Final}
2019-02-16 22:46:50.762  INFO 12800 --- [restartedMain] org.hibernate.dialect.Dialect            : HHH000400: Using dialect: org.hibernate.dialect.MySQL5Dialect
2019-02-16 22:46:51.400  INFO 12800 --- [restartedMain] j.LocalContainerEntityManagerFactoryBean : Initialized JPA EntityManagerFactory for persistence unit 'default'
2019-02-16 22:46:51.418  INFO 12800 --- [restartedMain] o.s.b.d.a.OptionalLiveReloadServer       : LiveReload server is running on port 35729
2019-02-16 22:46:51.905  INFO 12800 --- [restartedMain] o.s.s.concurrent.ThreadPoolTaskExecutor  : Initializing ExecutorService 'applicationTaskExecutor'
2019-02-16 22:46:52.093  INFO 12800 --- [restartedMain] o.s.b.a.w.s.WelcomePageHandlerMapping    : Adding welcome page template: index
2019-02-16 22:46:52.289  INFO 12800 --- [restartedMain] o.s.b.w.embedded.tomcat.TomcatWebServer  : Tomcat started on port(s): 8080 (http) with context path ''
2019-02-16 22:46:52.292  INFO 12800 --- [restartedMain] com.example.demo.DemoApplication         : Started DemoApplication in 5.084 seconds (JVM running for 5.625)
2019-02-16 22:47:30.822  INFO 12800 --- [Thread-5] o.s.s.concurrent.ThreadPoolTaskExecutor  : Shutting down ExecutorService 'applicationTaskExecutor'
2019-02-16 22:47:30.826  INFO 12800 --- [Thread-5] j.LocalContainerEntityManagerFactoryBean : Closing JPA EntityManagerFactory for persistence unit 'default'
2019-02-16 22:47:30.830  INFO 12800 --- [Thread-5] com.zaxxer.hikari.HikariDataSource       : HikariPool-1 - Shutdown initiated...
2019-02-16 22:47:30.834  INFO 12800 --- [Thread-5] com.zaxxer.hikari.HikariDataSource       : HikariPool-1 - Shutdown completed.
2019-02-16 22:49:20.741  INFO 12404 --- [restartedMain] com.example.demo.DemoApplication         : Starting DemoApplication on USER-20180624DI with PID 12404 (C:\Users\Administrator\Desktop\loadupdata\demo\target\classes started by Administrator in C:\Users\Administrator\Desktop\loadupdata\demo)
2019-02-16 22:49:20.744  INFO 12404 --- [restartedMain] com.example.demo.DemoApplication         : No active profile set, falling back to default profiles: default
2019-02-16 22:49:20.807  INFO 12404 --- [restartedMain] .e.DevToolsPropertyDefaultsPostProcessor : Devtools property defaults active! Set 'spring.devtools.add-properties' to 'false' to disable
2019-02-16 22:49:20.808  INFO 12404 --- [restartedMain] .e.DevToolsPropertyDefaultsPostProcessor : For additional web related logging consider setting the 'logging.level.web' property to 'DEBUG'
2019-02-16 22:49:21.581  INFO 12404 --- [restartedMain] .s.d.r.c.RepositoryConfigurationDelegate : Bootstrapping Spring Data repositories in DEFAULT mode.
2019-02-16 22:49:21.654  INFO 12404 --- [restartedMain] .s.d.r.c.RepositoryConfigurationDelegate : Finished Spring Data repository scanning in 65ms. Found 1 repository interfaces.
2019-02-16 22:49:22.105  INFO 12404 --- [restartedMain] trationDelegate$BeanPostProcessorChecker : Bean 'org.springframework.transaction.annotation.ProxyTransactionManagementConfiguration' of type [org.springframework.transaction.annotation.ProxyTransactionManagementConfiguration$$EnhancerBySpringCGLIB$$82c4b639] is not eligible for getting processed by all BeanPostProcessors (for example: not eligible for auto-proxying)
2019-02-16 22:49:22.816  INFO 12404 --- [restartedMain] o.s.b.w.embedded.tomcat.TomcatWebServer  : Tomcat initialized with port(s): 8080 (http)
2019-02-16 22:49:22.849  INFO 12404 --- [restartedMain] o.apache.catalina.core.StandardService   : Starting service [Tomcat]
2019-02-16 22:49:22.850  INFO 12404 --- [restartedMain] org.apache.catalina.core.StandardEngine  : Starting Servlet engine: [Apache Tomcat/9.0.14]
2019-02-16 22:49:22.862  INFO 12404 --- [restartedMain] o.a.catalina.core.AprLifecycleListener   : The APR based Apache Tomcat Native library which allows optimal performance in production environments was not found on the java.library.path: [C:\Program Files\Java\jdk1.8.0_131\bin;C:\Windows\Sun\Java\bin;C:\Windows\system32;C:\Windows;C:/Program Files/Java/jdk1.8.0_131/bin/../jre/bin/server;C:/Program Files/Java/jdk1.8.0_131/bin/../jre/bin;C:/Program Files/Java/jdk1.8.0_131/bin/../jre/lib/amd64;C:\Program Files\Java\jdk1.8.0_131\bin;C:\Windows\system32;C:\Windows;C:\Windows\System32\Wbem;C:\Windows\System32\WindowsPowerShell\v1.0\;C:\Program Files (x86)\Yozosoft\Yozo_Office\Lib\xuggler\bin;D:\MySQL\MySQL Server 5.5\bin;C:\Program Files\nodejs\;C:\Program Files\TortoiseGit\bin;C:\Users\Administrator\AppData\Roaming\npm;C:\Users\Administrator\AppData\Local\Programs\Microsoft VS Code\bin;C:\Program Files\eclipse;;.]
2019-02-16 22:49:23.016  INFO 12404 --- [restartedMain] o.a.c.c.C.[Tomcat].[localhost].[/]       : Initializing Spring embedded WebApplicationContext
2019-02-16 22:49:23.016  INFO 12404 --- [restartedMain] o.s.web.context.ContextLoader            : Root WebApplicationContext: initialization completed in 2208 ms
2019-02-16 22:49:23.263  INFO 12404 --- [restartedMain] com.zaxxer.hikari.HikariDataSource       : HikariPool-1 - Starting...
2019-02-16 22:49:23.414  INFO 12404 --- [restartedMain] com.zaxxer.hikari.HikariDataSource       : HikariPool-1 - Start completed.
2019-02-16 22:49:23.470  INFO 12404 --- [restartedMain] o.hibernate.jpa.internal.util.LogHelper  : HHH000204: Processing PersistenceUnitInfo [
	name: default
	...]
2019-02-16 22:49:23.553  INFO 12404 --- [restartedMain] org.hibernate.Version                    : HHH000412: Hibernate Core {5.3.7.Final}
2019-02-16 22:49:23.556  INFO 12404 --- [restartedMain] org.hibernate.cfg.Environment            : HHH000206: hibernate.properties not found
2019-02-16 22:49:23.707  INFO 12404 --- [restartedMain] o.hibernate.annotations.common.Version   : HCANN000001: Hibernate Commons Annotations {5.0.4.Final}
2019-02-16 22:49:23.871  INFO 12404 --- [restartedMain] org.hibernate.dialect.Dialect            : HHH000400: Using dialect: org.hibernate.dialect.MySQL5Dialect
2019-02-16 22:49:24.507  INFO 12404 --- [restartedMain] j.LocalContainerEntityManagerFactoryBean : Initialized JPA EntityManagerFactory for persistence unit 'default'
2019-02-16 22:49:24.526  INFO 12404 --- [restartedMain] o.s.b.d.a.OptionalLiveReloadServer       : LiveReload server is running on port 35729
2019-02-16 22:49:25.017  INFO 12404 --- [restartedMain] o.s.s.concurrent.ThreadPoolTaskExecutor  : Initializing ExecutorService 'applicationTaskExecutor'
2019-02-16 22:49:25.212  INFO 12404 --- [restartedMain] o.s.b.a.w.s.WelcomePageHandlerMapping    : Adding welcome page template: index
2019-02-16 22:49:25.398  INFO 12404 --- [restartedMain] o.s.b.w.embedded.tomcat.TomcatWebServer  : Tomcat started on port(s): 8080 (http) with context path ''
2019-02-16 22:49:25.401  INFO 12404 --- [restartedMain] com.example.demo.DemoApplication         : Started DemoApplication in 5.077 seconds (JVM running for 5.609)
2019-02-16 22:49:45.368  INFO 12404 --- [Thread-5] o.s.s.concurrent.ThreadPoolTaskExecutor  : Shutting down ExecutorService 'applicationTaskExecutor'
2019-02-16 22:49:45.371  INFO 12404 --- [Thread-5] j.LocalContainerEntityManagerFactoryBean : Closing JPA EntityManagerFactory for persistence unit 'default'
2019-02-16 22:49:45.376  INFO 12404 --- [Thread-5] com.zaxxer.hikari.HikariDataSource       : HikariPool-1 - Shutdown initiated...
2019-02-16 22:49:45.381  INFO 12404 --- [Thread-5] com.zaxxer.hikari.HikariDataSource       : HikariPool-1 - Shutdown completed.
