2019-02-16 22:05:49.208  INFO 8236 --- [restartedMain] com.example.demo.DemoApplication         : Starting DemoApplication on USER-20180624DI with PID 8236 (C:\Users\Administrator\Desktop\loadupdata\demo\target\classes started by Administrator in C:\Users\Administrator\Desktop\loadupdata\demo)
2019-02-16 22:05:49.209  INFO 8236 --- [restartedMain] com.example.demo.DemoApplication         : No active profile set, falling back to default profiles: default
2019-02-16 22:05:49.539  INFO 8236 --- [restartedMain] .s.d.r.c.RepositoryConfigurationDelegate : Bootstrapping Spring Data repositories in DEFAULT mode.
2019-02-16 22:05:49.597  INFO 8236 --- [restartedMain] .s.d.r.c.RepositoryConfigurationDelegate : Finished Spring Data repository scanning in 58ms. Found 1 repository interfaces.
2019-02-16 22:05:49.657  INFO 8236 --- [restartedMain] trationDelegate$BeanPostProcessorChecker : Bean 'org.springframework.transaction.annotation.ProxyTransactionManagementConfiguration' of type [org.springframework.transaction.annotation.ProxyTransactionManagementConfiguration$$EnhancerBySpringCGLIB$$6d0b0ef5] is not eligible for getting processed by all BeanPostProcessors (for example: not eligible for auto-proxying)
2019-02-16 22:05:56.092  INFO 10672 --- [restartedMain] com.example.demo.DemoApplication         : Starting DemoApplication on USER-20180624DI with PID 10672 (C:\Users\Administrator\Desktop\loadupdata\demo\target\classes started by Administrator in C:\Users\Administrator\Desktop\loadupdata\demo)
2019-02-16 22:05:56.096  INFO 10672 --- [restartedMain] com.example.demo.DemoApplication         : No active profile set, falling back to default profiles: default
2019-02-16 22:05:56.161  INFO 10672 --- [restartedMain] .e.DevToolsPropertyDefaultsPostProcessor : Devtools property defaults active! Set 'spring.devtools.add-properties' to 'false' to disable
2019-02-16 22:05:56.161  INFO 10672 --- [restartedMain] .e.DevToolsPropertyDefaultsPostProcessor : For additional web related logging consider setting the 'logging.level.web' property to 'DEBUG'
2019-02-16 22:05:56.992  INFO 10672 --- [restartedMain] .s.d.r.c.RepositoryConfigurationDelegate : Bootstrapping Spring Data repositories in DEFAULT mode.
2019-02-16 22:05:57.115  INFO 10672 --- [restartedMain] .s.d.r.c.RepositoryConfigurationDelegate : Finished Spring Data repository scanning in 112ms. Found 1 repository interfaces.
2019-02-16 22:05:57.586  INFO 10672 --- [restartedMain] trationDelegate$BeanPostProcessorChecker : Bean 'org.springframework.transaction.annotation.ProxyTransactionManagementConfiguration' of type [org.springframework.transaction.annotation.ProxyTransactionManagementConfiguration$$EnhancerBySpringCGLIB$$70add091] is not eligible for getting processed by all BeanPostProcessors (for example: not eligible for auto-proxying)
2019-02-16 22:05:58.379  INFO 10672 --- [restartedMain] o.s.b.w.embedded.tomcat.TomcatWebServer  : Tomcat initialized with port(s): 8080 (http)
2019-02-16 22:05:58.410  INFO 10672 --- [restartedMain] o.apache.catalina.core.StandardService   : Starting service [Tomcat]
2019-02-16 22:05:58.411  INFO 10672 --- [restartedMain] org.apache.catalina.core.StandardEngine  : Starting Servlet engine: [Apache Tomcat/9.0.14]
2019-02-16 22:05:58.423  INFO 10672 --- [restartedMain] o.a.catalina.core.AprLifecycleListener   : The APR based Apache Tomcat Native library which allows optimal performance in production environments was not found on the java.library.path: [C:\Program Files\Java\jdk1.8.0_131\bin;C:\Windows\Sun\Java\bin;C:\Windows\system32;C:\Windows;C:/Program Files/Java/jdk1.8.0_131/bin/../jre/bin/server;C:/Program Files/Java/jdk1.8.0_131/bin/../jre/bin;C:/Program Files/Java/jdk1.8.0_131/bin/../jre/lib/amd64;C:\Program Files\Java\jdk1.8.0_131\bin;C:\Windows\system32;C:\Windows;C:\Windows\System32\Wbem;C:\Windows\System32\WindowsPowerShell\v1.0\;C:\Program Files (x86)\Yozosoft\Yozo_Office\Lib\xuggler\bin;D:\MySQL\MySQL Server 5.5\bin;C:\Program Files\nodejs\;C:\Program Files\TortoiseGit\bin;C:\Users\Administrator\AppData\Roaming\npm;C:\Users\Administrator\AppData\Local\Programs\Microsoft VS Code\bin;C:\Program Files\eclipse;;.]
2019-02-16 22:05:58.581  INFO 10672 --- [restartedMain] o.a.c.c.C.[Tomcat].[localhost].[/]       : Initializing Spring embedded WebApplicationContext
2019-02-16 22:05:58.581  INFO 10672 --- [restartedMain] o.s.web.context.ContextLoader            : Root WebApplicationContext: initialization completed in 2420 ms
2019-02-16 22:05:58.844  INFO 10672 --- [restartedMain] com.zaxxer.hikari.HikariDataSource       : HikariPool-1 - Starting...
2019-02-16 22:05:59.013  INFO 10672 --- [restartedMain] com.zaxxer.hikari.HikariDataSource       : HikariPool-1 - Start completed.
2019-02-16 22:05:59.089  INFO 10672 --- [restartedMain] o.hibernate.jpa.internal.util.LogHelper  : HHH000204: Processing PersistenceUnitInfo [
	name: default
	...]
2019-02-16 22:05:59.174  INFO 10672 --- [restartedMain] org.hibernate.Version                    : HHH000412: Hibernate Core {5.3.7.Final}
2019-02-16 22:05:59.177  INFO 10672 --- [restartedMain] org.hibernate.cfg.Environment            : HHH000206: hibernate.properties not found
2019-02-16 22:05:59.331  INFO 10672 --- [restartedMain] o.hibernate.annotations.common.Version   : HCANN000001: Hibernate Commons Annotations {5.0.4.Final}
2019-02-16 22:05:59.514  INFO 10672 --- [restartedMain] org.hibernate.dialect.Dialect            : HHH000400: Using dialect: org.hibernate.dialect.MySQL5Dialect
2019-02-16 22:06:00.174  INFO 10672 --- [restartedMain] j.LocalContainerEntityManagerFactoryBean : Initialized JPA EntityManagerFactory for persistence unit 'default'
2019-02-16 22:06:00.193  INFO 10672 --- [restartedMain] o.s.b.d.a.OptionalLiveReloadServer       : LiveReload server is running on port 35729
2019-02-16 22:06:00.710  INFO 10672 --- [restartedMain] o.s.s.concurrent.ThreadPoolTaskExecutor  : Initializing ExecutorService 'applicationTaskExecutor'
2019-02-16 22:06:00.768  WARN 10672 --- [restartedMain] aWebConfiguration$JpaWebMvcConfiguration : spring.jpa.open-in-view is enabled by default. Therefore, database queries may be performed during view rendering. Explicitly configure spring.jpa.open-in-view to disable this warning
2019-02-16 22:06:01.088  INFO 10672 --- [restartedMain] o.s.b.w.embedded.tomcat.TomcatWebServer  : Tomcat started on port(s): 8080 (http) with context path ''
2019-02-16 22:06:01.091  INFO 10672 --- [restartedMain] com.example.demo.DemoApplication         : Started DemoApplication in 5.464 seconds (JVM running for 6.143)
2019-02-16 22:09:13.008  INFO 3528 --- [restartedMain] com.example.demo.DemoApplication         : Starting DemoApplication on USER-20180624DI with PID 3528 (C:\Users\Administrator\Desktop\loadupdata\demo\target\classes started by Administrator in C:\Users\Administrator\Desktop\loadupdata\demo)
2019-02-16 22:09:13.012  INFO 3528 --- [restartedMain] com.example.demo.DemoApplication         : No active profile set, falling back to default profiles: default
2019-02-16 22:09:13.079  INFO 3528 --- [restartedMain] .e.DevToolsPropertyDefaultsPostProcessor : Devtools property defaults active! Set 'spring.devtools.add-properties' to 'false' to disable
2019-02-16 22:09:13.079  INFO 3528 --- [restartedMain] .e.DevToolsPropertyDefaultsPostProcessor : For additional web related logging consider setting the 'logging.level.web' property to 'DEBUG'
2019-02-16 22:09:13.962  INFO 3528 --- [restartedMain] .s.d.r.c.RepositoryConfigurationDelegate : Bootstrapping Spring Data repositories in DEFAULT mode.
2019-02-16 22:09:14.073  INFO 3528 --- [restartedMain] .s.d.r.c.RepositoryConfigurationDelegate : Finished Spring Data repository scanning in 102ms. Found 1 repository interfaces.
2019-02-16 22:09:14.547  INFO 3528 --- [restartedMain] trationDelegate$BeanPostProcessorChecker : Bean 'org.springframework.transaction.annotation.ProxyTransactionManagementConfiguration' of type [org.springframework.transaction.annotation.ProxyTransactionManagementConfiguration$$EnhancerBySpringCGLIB$$e739fb63] is not eligible for getting processed by all BeanPostProcessors (for example: not eligible for auto-proxying)
2019-02-16 22:09:15.282  INFO 3528 --- [restartedMain] o.s.b.w.embedded.tomcat.TomcatWebServer  : Tomcat initialized with port(s): 8080 (http)
2019-02-16 22:09:15.315  INFO 3528 --- [restartedMain] o.apache.catalina.core.StandardService   : Starting service [Tomcat]
2019-02-16 22:09:15.315  INFO 3528 --- [restartedMain] org.apache.catalina.core.StandardEngine  : Starting Servlet engine: [Apache Tomcat/9.0.14]
2019-02-16 22:09:15.329  INFO 3528 --- [restartedMain] o.a.catalina.core.AprLifecycleListener   : The APR based Apache Tomcat Native library which allows optimal performance in production environments was not found on the java.library.path: [C:\Program Files\Java\jdk1.8.0_131\bin;C:\Windows\Sun\Java\bin;C:\Windows\system32;C:\Windows;C:/Program Files/Java/jdk1.8.0_131/bin/../jre/bin/server;C:/Program Files/Java/jdk1.8.0_131/bin/../jre/bin;C:/Program Files/Java/jdk1.8.0_131/bin/../jre/lib/amd64;C:\Program Files\Java\jdk1.8.0_131\bin;C:\Windows\system32;C:\Windows;C:\Windows\System32\Wbem;C:\Windows\System32\WindowsPowerShell\v1.0\;C:\Program Files (x86)\Yozosoft\Yozo_Office\Lib\xuggler\bin;D:\MySQL\MySQL Server 5.5\bin;C:\Program Files\nodejs\;C:\Program Files\TortoiseGit\bin;C:\Users\Administrator\AppData\Roaming\npm;C:\Users\Administrator\AppData\Local\Programs\Microsoft VS Code\bin;C:\Program Files\eclipse;;.]
2019-02-16 22:09:15.474  INFO 3528 --- [restartedMain] o.a.c.c.C.[Tomcat].[localhost].[/]       : Initializing Spring embedded WebApplicationContext
2019-02-16 22:09:15.475  INFO 3528 --- [restartedMain] o.s.web.context.ContextLoader            : Root WebApplicationContext: initialization completed in 2395 ms
2019-02-16 22:09:15.729  INFO 3528 --- [restartedMain] com.zaxxer.hikari.HikariDataSource       : HikariPool-1 - Starting...
2019-02-16 22:09:15.893  INFO 3528 --- [restartedMain] com.zaxxer.hikari.HikariDataSource       : HikariPool-1 - Start completed.
2019-02-16 22:09:15.969  INFO 3528 --- [restartedMain] o.hibernate.jpa.internal.util.LogHelper  : HHH000204: Processing PersistenceUnitInfo [
	name: default
	...]
2019-02-16 22:09:16.054  INFO 3528 --- [restartedMain] org.hibernate.Version                    : HHH000412: Hibernate Core {5.3.7.Final}
2019-02-16 22:09:16.057  INFO 3528 --- [restartedMain] org.hibernate.cfg.Environment            : HHH000206: hibernate.properties not found
2019-02-16 22:09:16.213  INFO 3528 --- [restartedMain] o.hibernate.annotations.common.Version   : HCANN000001: Hibernate Commons Annotations {5.0.4.Final}
2019-02-16 22:09:16.399  INFO 3528 --- [restartedMain] org.hibernate.dialect.Dialect            : HHH000400: Using dialect: org.hibernate.dialect.MySQL5Dialect
2019-02-16 22:09:17.058  INFO 3528 --- [restartedMain] j.LocalContainerEntityManagerFactoryBean : Initialized JPA EntityManagerFactory for persistence unit 'default'
2019-02-16 22:09:17.077  INFO 3528 --- [restartedMain] o.s.b.d.a.OptionalLiveReloadServer       : LiveReload server is running on port 35729
2019-02-16 22:09:17.608  INFO 3528 --- [restartedMain] o.s.s.concurrent.ThreadPoolTaskExecutor  : Initializing ExecutorService 'applicationTaskExecutor'
2019-02-16 22:09:17.989  INFO 3528 --- [restartedMain] o.s.b.w.embedded.tomcat.TomcatWebServer  : Tomcat started on port(s): 8080 (http) with context path ''
2019-02-16 22:09:17.992  INFO 3528 --- [restartedMain] com.example.demo.DemoApplication         : Started DemoApplication in 5.426 seconds (JVM running for 5.992)
2019-02-16 22:24:34.774  INFO 3528 --- [Thread-5] o.s.s.concurrent.ThreadPoolTaskExecutor  : Shutting down ExecutorService 'applicationTaskExecutor'
2019-02-16 22:24:34.775  INFO 3528 --- [Thread-5] j.LocalContainerEntityManagerFactoryBean : Closing JPA EntityManagerFactory for persistence unit 'default'
2019-02-16 22:24:34.778  INFO 3528 --- [Thread-5] com.zaxxer.hikari.HikariDataSource       : HikariPool-1 - Shutdown initiated...
2019-02-16 22:24:34.783  INFO 3528 --- [Thread-5] com.zaxxer.hikari.HikariDataSource       : HikariPool-1 - Shutdown completed.
2019-02-16 22:24:35.243  INFO 3528 --- [restartedMain] com.example.demo.DemoApplication         : Starting DemoApplication on USER-20180624DI with PID 3528 (C:\Users\Administrator\Desktop\loadupdata\demo\target\classes started by Administrator in C:\Users\Administrator\Desktop\loadupdata\demo)
2019-02-16 22:24:35.243  INFO 3528 --- [restartedMain] com.example.demo.DemoApplication         : No active profile set, falling back to default profiles: default
2019-02-16 22:24:35.672  INFO 3528 --- [restartedMain] .s.d.r.c.RepositoryConfigurationDelegate : Bootstrapping Spring Data repositories in DEFAULT mode.
2019-02-16 22:24:35.691  INFO 3528 --- [restartedMain] .s.d.r.c.RepositoryConfigurationDelegate : Finished Spring Data repository scanning in 19ms. Found 1 repository interfaces.
2019-02-16 22:24:35.765  INFO 3528 --- [restartedMain] trationDelegate$BeanPostProcessorChecker : Bean 'org.springframework.transaction.annotation.ProxyTransactionManagementConfiguration' of type [org.springframework.transaction.annotation.ProxyTransactionManagementConfiguration$$EnhancerBySpringCGLIB$$e739fb63] is not eligible for getting processed by all BeanPostProcessors (for example: not eligible for auto-proxying)
2019-02-16 22:24:35.879  INFO 3528 --- [restartedMain] o.s.b.w.embedded.tomcat.TomcatWebServer  : Tomcat initialized with port(s): 8080 (http)
2019-02-16 22:24:35.881  INFO 3528 --- [restartedMain] o.apache.catalina.core.StandardService   : Starting service [Tomcat]
2019-02-16 22:24:35.881  INFO 3528 --- [restartedMain] org.apache.catalina.core.StandardEngine  : Starting Servlet engine: [Apache Tomcat/9.0.14]
2019-02-16 22:24:35.903  INFO 3528 --- [restartedMain] o.a.c.c.C.[Tomcat].[localhost].[/]       : Initializing Spring embedded WebApplicationContext
2019-02-16 22:24:35.904  INFO 3528 --- [restartedMain] o.s.web.context.ContextLoader            : Root WebApplicationContext: initialization completed in 659 ms
2019-02-16 22:24:35.956  INFO 3528 --- [restartedMain] com.zaxxer.hikari.HikariDataSource       : HikariPool-2 - Starting...
2019-02-16 22:24:35.961  INFO 3528 --- [restartedMain] com.zaxxer.hikari.HikariDataSource       : HikariPool-2 - Start completed.
2019-02-16 22:24:35.972  INFO 3528 --- [restartedMain] o.hibernate.jpa.internal.util.LogHelper  : HHH000204: Processing PersistenceUnitInfo [
	name: default
	...]
2019-02-16 22:24:35.999  INFO 3528 --- [restartedMain] org.hibernate.dialect.Dialect            : HHH000400: Using dialect: org.hibernate.dialect.MySQL5Dialect
2019-02-16 22:24:36.062  INFO 3528 --- [restartedMain] j.LocalContainerEntityManagerFactoryBean : Initialized JPA EntityManagerFactory for persistence unit 'default'
2019-02-16 22:24:36.073  INFO 3528 --- [restartedMain] o.s.b.d.a.OptionalLiveReloadServer       : LiveReload server is running on port 35729
2019-02-16 22:24:36.186  INFO 3528 --- [restartedMain] o.s.s.concurrent.ThreadPoolTaskExecutor  : Initializing ExecutorService 'applicationTaskExecutor'
2019-02-16 22:24:36.279  INFO 3528 --- [restartedMain] o.s.b.w.embedded.tomcat.TomcatWebServer  : Tomcat started on port(s): 8080 (http) with context path ''
2019-02-16 22:24:36.280  INFO 3528 --- [restartedMain] com.example.demo.DemoApplication         : Started DemoApplication in 1.108 seconds (JVM running for 924.264)
2019-02-16 22:24:36.282  INFO 3528 --- [restartedMain] .ConditionEvaluationDeltaLoggingListener : Condition evaluation unchanged
2019-02-16 22:26:16.184  INFO 3528 --- [Thread-10] o.s.s.concurrent.ThreadPoolTaskExecutor  : Shutting down ExecutorService 'applicationTaskExecutor'
2019-02-16 22:26:16.190  INFO 3528 --- [Thread-10] j.LocalContainerEntityManagerFactoryBean : Closing JPA EntityManagerFactory for persistence unit 'default'
2019-02-16 22:26:16.198  INFO 3528 --- [Thread-10] com.zaxxer.hikari.HikariDataSource       : HikariPool-2 - Shutdown initiated...
2019-02-16 22:26:16.217  INFO 3528 --- [Thread-10] com.zaxxer.hikari.HikariDataSource       : HikariPool-2 - Shutdown completed.
